{"/home/erastushs/Documents/hoakbot/src/bootstrap.ts": {"path":"/home/erastushs/Documents/hoakbot/src/bootstrap.ts","statementMap":{"0":{"start":{"line":18,"column":6},"end":{"line":24,"column":null}},"1":{"start":{"line":26,"column":19},"end":{"line":26,"column":null}},"2":{"start":{"line":28,"column":0},"end":{"line":98,"column":null}},"3":{"start":{"line":29,"column":25},"end":{"line":29,"column":null}},"4":{"start":{"line":30,"column":23},"end":{"line":30,"column":null}},"5":{"start":{"line":31,"column":2},"end":{"line":31,"column":null}},"6":{"start":{"line":33,"column":2},"end":{"line":33,"column":null}},"7":{"start":{"line":34,"column":24},"end":{"line":34,"column":null}},"8":{"start":{"line":35,"column":20},"end":{"line":35,"column":null}},"9":{"start":{"line":37,"column":2},"end":{"line":37,"column":null}},"10":{"start":{"line":38,"column":8},"end":{"line":38,"column":null}},"11":{"start":{"line":40,"column":2},"end":{"line":40,"column":null}},"12":{"start":{"line":41,"column":19},"end":{"line":41,"column":null}},"13":{"start":{"line":42,"column":20},"end":{"line":42,"column":null}},"14":{"start":{"line":43,"column":2},"end":{"line":43,"column":null}},"15":{"start":{"line":43,"column":51},"end":{"line":43,"column":64}},"16":{"start":{"line":44,"column":2},"end":{"line":44,"column":null}},"17":{"start":{"line":44,"column":51},"end":{"line":44,"column":57}},"18":{"start":{"line":45,"column":2},"end":{"line":45,"column":null}},"19":{"start":{"line":45,"column":54},"end":{"line":45,"column":63}},"20":{"start":{"line":46,"column":2},"end":{"line":46,"column":null}},"21":{"start":{"line":46,"column":53},"end":{"line":46,"column":61}},"22":{"start":{"line":47,"column":2},"end":{"line":47,"column":null}},"23":{"start":{"line":47,"column":59},"end":{"line":47,"column":73}},"24":{"start":{"line":49,"column":24},"end":{"line":49,"column":null}},"25":{"start":{"line":50,"column":2},"end":{"line":50,"column":null}},"26":{"start":{"line":50,"column":58},"end":{"line":50,"column":71}},"27":{"start":{"line":52,"column":2},"end":{"line":52,"column":null}},"28":{"start":{"line":54,"column":2},"end":{"line":54,"column":null}},"29":{"start":{"line":55,"column":18},"end":{"line":55,"column":null}},"30":{"start":{"line":56,"column":2},"end":{"line":56,"column":null}},"31":{"start":{"line":57,"column":26},"end":{"line":57,"column":null}},"32":{"start":{"line":58,"column":2},"end":{"line":58,"column":null}},"33":{"start":{"line":59,"column":2},"end":{"line":59,"column":null}},"34":{"start":{"line":60,"column":2},"end":{"line":60,"column":null}},"35":{"start":{"line":60,"column":60},"end":{"line":60,"column":75}},"36":{"start":{"line":62,"column":2},"end":{"line":62,"column":null}},"37":{"start":{"line":63,"column":8},"end":{"line":63,"column":null}},"38":{"start":{"line":64,"column":2},"end":{"line":64,"column":null}},"39":{"start":{"line":64,"column":58},"end":{"line":64,"column":64}},"40":{"start":{"line":66,"column":2},"end":{"line":66,"column":null}},"41":{"start":{"line":67,"column":23},"end":{"line":67,"column":null}},"42":{"start":{"line":69,"column":25},"end":{"line":69,"column":null}},"43":{"start":{"line":70,"column":2},"end":{"line":70,"column":null}},"44":{"start":{"line":70,"column":60},"end":{"line":70,"column":74}},"45":{"start":{"line":72,"column":2},"end":{"line":72,"column":null}},"46":{"start":{"line":73,"column":2},"end":{"line":73,"column":null}},"47":{"start":{"line":74,"column":2},"end":{"line":74,"column":null}},"48":{"start":{"line":76,"column":2},"end":{"line":76,"column":null}},"49":{"start":{"line":77,"column":2},"end":{"line":77,"column":null}},"50":{"start":{"line":78,"column":2},"end":{"line":78,"column":null}},"51":{"start":{"line":80,"column":2},"end":{"line":80,"column":null}},"52":{"start":{"line":81,"column":22},"end":{"line":81,"column":null}},"53":{"start":{"line":82,"column":2},"end":{"line":82,"column":null}},"54":{"start":{"line":83,"column":2},"end":{"line":83,"column":null}},"55":{"start":{"line":84,"column":17},"end":{"line":84,"column":null}},"56":{"start":{"line":85,"column":2},"end":{"line":85,"column":null}},"57":{"start":{"line":87,"column":2},"end":{"line":87,"column":null}},"58":{"start":{"line":89,"column":2},"end":{"line":89,"column":null}},"59":{"start":{"line":90,"column":2},"end":{"line":90,"column":null}},"60":{"start":{"line":92,"column":2},"end":{"line":92,"column":null}},"61":{"start":{"line":94,"column":2},"end":{"line":94,"column":null}},"62":{"start":{"line":96,"column":2},"end":{"line":96,"column":null}},"63":{"start":{"line":97,"column":2},"end":{"line":97,"column":null}},"64":{"start":{"line":106,"column":8},"end":{"line":106,"column":null}},"65":{"start":{"line":106,"column":36},"end":{"line":106,"column":null}},"66":{"start":{"line":107,"column":16},"end":{"line":123,"column":null}},"67":{"start":{"line":125,"column":2},"end":{"line":127,"column":null}},"68":{"start":{"line":126,"column":4},"end":{"line":126,"column":null}},"69":{"start":{"line":137,"column":19},"end":{"line":164,"column":null}},"70":{"start":{"line":138,"column":4},"end":{"line":138,"column":null}},"71":{"start":{"line":138,"column":22},"end":{"line":138,"column":null}},"72":{"start":{"line":139,"column":4},"end":{"line":139,"column":null}},"73":{"start":{"line":141,"column":4},"end":{"line":141,"column":null}},"74":{"start":{"line":142,"column":4},"end":{"line":142,"column":null}},"75":{"start":{"line":144,"column":4},"end":{"line":148,"column":null}},"76":{"start":{"line":145,"column":6},"end":{"line":145,"column":null}},"77":{"start":{"line":147,"column":6},"end":{"line":147,"column":null}},"78":{"start":{"line":150,"column":4},"end":{"line":154,"column":null}},"79":{"start":{"line":151,"column":6},"end":{"line":151,"column":null}},"80":{"start":{"line":153,"column":6},"end":{"line":153,"column":null}},"81":{"start":{"line":156,"column":4},"end":{"line":160,"column":null}},"82":{"start":{"line":157,"column":6},"end":{"line":157,"column":null}},"83":{"start":{"line":159,"column":6},"end":{"line":159,"column":null}},"84":{"start":{"line":162,"column":4},"end":{"line":162,"column":null}},"85":{"start":{"line":163,"column":4},"end":{"line":163,"column":null}},"86":{"start":{"line":166,"column":2},"end":{"line":166,"column":null}},"87":{"start":{"line":167,"column":2},"end":{"line":167,"column":null}},"88":{"start":{"line":178,"column":2},"end":{"line":188,"column":null}},"89":{"start":{"line":181,"column":6},"end":{"line":186,"column":null}},"90":{"start":{"line":182,"column":8},"end":{"line":182,"column":null}},"91":{"start":{"line":183,"column":8},"end":{"line":183,"column":null}},"92":{"start":{"line":185,"column":8},"end":{"line":185,"column":null}},"93":{"start":{"line":190,"column":2},"end":{"line":200,"column":null}},"94":{"start":{"line":193,"column":6},"end":{"line":198,"column":null}},"95":{"start":{"line":194,"column":8},"end":{"line":194,"column":null}},"96":{"start":{"line":195,"column":8},"end":{"line":195,"column":null}},"97":{"start":{"line":197,"column":8},"end":{"line":197,"column":null}},"98":{"start":{"line":202,"column":2},"end":{"line":212,"column":null}},"99":{"start":{"line":205,"column":21},"end":{"line":205,"column":null}},"100":{"start":{"line":206,"column":6},"end":{"line":210,"column":null}},"101":{"start":{"line":214,"column":2},"end":{"line":224,"column":null}},"102":{"start":{"line":217,"column":20},"end":{"line":217,"column":null}},"103":{"start":{"line":218,"column":6},"end":{"line":222,"column":null}},"104":{"start":{"line":226,"column":2},"end":{"line":236,"column":null}},"105":{"start":{"line":229,"column":21},"end":{"line":229,"column":null}},"106":{"start":{"line":230,"column":6},"end":{"line":234,"column":null}}},"fnMap":{"0":{"name":"(anonymous_0)","decl":{"start":{"line":43,"column":37},"end":{"line":43,"column":51}},"loc":{"start":{"line":43,"column":51},"end":{"line":43,"column":64}},"line":43},"1":{"name":"(anonymous_1)","decl":{"start":{"line":44,"column":37},"end":{"line":44,"column":51}},"loc":{"start":{"line":44,"column":51},"end":{"line":44,"column":57}},"line":44},"2":{"name":"(anonymous_2)","decl":{"start":{"line":45,"column":37},"end":{"line":45,"column":54}},"loc":{"start":{"line":45,"column":54},"end":{"line":45,"column":63}},"line":45},"3":{"name":"(anonymous_3)","decl":{"start":{"line":46,"column":37},"end":{"line":46,"column":53}},"loc":{"start":{"line":46,"column":53},"end":{"line":46,"column":61}},"line":46},"4":{"name":"(anonymous_4)","decl":{"start":{"line":47,"column":37},"end":{"line":47,"column":59}},"loc":{"start":{"line":47,"column":59},"end":{"line":47,"column":73}},"line":47},"5":{"name":"(anonymous_5)","decl":{"start":{"line":50,"column":37},"end":{"line":50,"column":58}},"loc":{"start":{"line":50,"column":58},"end":{"line":50,"column":71}},"line":50},"6":{"name":"(anonymous_6)","decl":{"start":{"line":60,"column":37},"end":{"line":60,"column":60}},"loc":{"start":{"line":60,"column":60},"end":{"line":60,"column":75}},"line":60},"7":{"name":"(anonymous_7)","decl":{"start":{"line":64,"column":37},"end":{"line":64,"column":58}},"loc":{"start":{"line":64,"column":58},"end":{"line":64,"column":64}},"line":64},"8":{"name":"(anonymous_8)","decl":{"start":{"line":70,"column":37},"end":{"line":70,"column":60}},"loc":{"start":{"line":70,"column":60},"end":{"line":70,"column":74}},"line":70},"9":{"name":"printStartupSummary","decl":{"start":{"line":100,"column":9},"end":{"line":100,"column":null}},"loc":{"start":{"line":105,"column":8},"end":{"line":128,"column":null}},"line":105},"10":{"name":"(anonymous_10)","decl":{"start":{"line":106,"column":8},"end":{"line":106,"column":16}},"loc":{"start":{"line":106,"column":36},"end":{"line":106,"column":null}},"line":106},"11":{"name":"registerShutdownHandlers","decl":{"start":{"line":130,"column":9},"end":{"line":130,"column":null}},"loc":{"start":{"line":136,"column":8},"end":{"line":168,"column":null}},"line":136},"12":{"name":"(anonymous_12)","decl":{"start":{"line":137,"column":19},"end":{"line":137,"column":31}},"loc":{"start":{"line":137,"column":31},"end":{"line":164,"column":null}},"line":137},"13":{"name":"registerHealthChecks","decl":{"start":{"line":170,"column":9},"end":{"line":170,"column":null}},"loc":{"start":{"line":177,"column":8},"end":{"line":237,"column":null}},"line":177},"14":{"name":"(anonymous_14)","decl":{"start":{"line":180,"column":13},"end":{"line":180,"column":25}},"loc":{"start":{"line":180,"column":25},"end":{"line":187,"column":null}},"line":180},"15":{"name":"(anonymous_15)","decl":{"start":{"line":192,"column":13},"end":{"line":192,"column":25}},"loc":{"start":{"line":192,"column":25},"end":{"line":199,"column":null}},"line":192},"16":{"name":"(anonymous_16)","decl":{"start":{"line":204,"column":13},"end":{"line":204,"column":25}},"loc":{"start":{"line":204,"column":25},"end":{"line":211,"column":null}},"line":204},"17":{"name":"(anonymous_17)","decl":{"start":{"line":216,"column":13},"end":{"line":216,"column":25}},"loc":{"start":{"line":216,"column":25},"end":{"line":223,"column":null}},"line":216},"18":{"name":"(anonymous_18)","decl":{"start":{"line":228,"column":13},"end":{"line":228,"column":25}},"loc":{"start":{"line":228,"column":25},"end":{"line":235,"column":null}},"line":228}},"branchMap":{"0":{"loc":{"start":{"line":106,"column":36},"end":{"line":106,"column":null}},"type":"cond-expr","locations":[{"start":{"line":106,"column":59},"end":{"line":106,"column":65}},{"start":{"line":106,"column":65},"end":{"line":106,"column":null}}],"line":106},"1":{"loc":{"start":{"line":112,"column":32},"end":{"line":112,"column":82}},"type":"binary-expr","locations":[{"start":{"line":112,"column":32},"end":{"line":112,"column":71}},{"start":{"line":112,"column":71},"end":{"line":112,"column":82}}],"line":112},"2":{"loc":{"start":{"line":113,"column":32},"end":{"line":113,"column":82}},"type":"binary-expr","locations":[{"start":{"line":113,"column":32},"end":{"line":113,"column":71}},{"start":{"line":113,"column":71},"end":{"line":113,"column":82}}],"line":113},"3":{"loc":{"start":{"line":114,"column":32},"end":{"line":114,"column":84}},"type":"binary-expr","locations":[{"start":{"line":114,"column":32},"end":{"line":114,"column":73}},{"start":{"line":114,"column":73},"end":{"line":114,"column":84}}],"line":114},"4":{"loc":{"start":{"line":115,"column":32},"end":{"line":115,"column":84}},"type":"binary-expr","locations":[{"start":{"line":115,"column":32},"end":{"line":115,"column":73}},{"start":{"line":115,"column":73},"end":{"line":115,"column":84}}],"line":115},"5":{"loc":{"start":{"line":116,"column":32},"end":{"line":116,"column":88}},"type":"binary-expr","locations":[{"start":{"line":116,"column":32},"end":{"line":116,"column":77}},{"start":{"line":116,"column":77},"end":{"line":116,"column":88}}],"line":116},"6":{"loc":{"start":{"line":138,"column":4},"end":{"line":138,"column":null}},"type":"if","locations":[{"start":{"line":138,"column":4},"end":{"line":138,"column":null}},{"start":{},"end":{}}],"line":138},"7":{"loc":{"start":{"line":185,"column":47},"end":{"line":185,"column":104}},"type":"cond-expr","locations":[{"start":{"line":185,"column":70},"end":{"line":185,"column":84}},{"start":{"line":185,"column":84},"end":{"line":185,"column":104}}],"line":185},"8":{"loc":{"start":{"line":197,"column":47},"end":{"line":197,"column":109}},"type":"cond-expr","locations":[{"start":{"line":197,"column":70},"end":{"line":197,"column":84}},{"start":{"line":197,"column":84},"end":{"line":197,"column":109}}],"line":197},"9":{"loc":{"start":{"line":207,"column":16},"end":{"line":207,"column":null}},"type":"cond-expr","locations":[{"start":{"line":207,"column":33},"end":{"line":207,"column":45}},{"start":{"line":207,"column":45},"end":{"line":207,"column":null}}],"line":207},"10":{"loc":{"start":{"line":209,"column":17},"end":{"line":209,"column":null}},"type":"cond-expr","locations":[{"start":{"line":209,"column":34},"end":{"line":209,"column":57}},{"start":{"line":209,"column":57},"end":{"line":209,"column":null}}],"line":209}},"s":{"0":0,"1":0,"2":0,"3":0,"4":0,"5":0,"6":0,"7":0,"8":0,"9":0,"10":0,"11":0,"12":0,"13":0,"14":0,"15":0,"16":0,"17":0,"18":0,"19":0,"20":0,"21":0,"22":0,"23":0,"24":0,"25":0,"26":0,"27":0,"28":0,"29":0,"30":0,"31":0,"32":0,"33":0,"34":0,"35":0,"36":0,"37":0,"38":0,"39":0,"40":0,"41":0,"42":0,"43":0,"44":0,"45":0,"46":0,"47":0,"48":0,"49":0,"50":0,"51":0,"52":0,"53":0,"54":0,"55":0,"56":0,"57":0,"58":0,"59":0,"60":0,"61":0,"62":0,"63":0,"64":0,"65":0,"66":0,"67":0,"68":0,"69":0,"70":0,"71":0,"72":0,"73":0,"74":0,"75":0,"76":0,"77":0,"78":0,"79":0,"80":0,"81":0,"82":0,"83":0,"84":0,"85":0,"86":0,"87":0,"88":0,"89":0,"90":0,"91":0,"92":0,"93":0,"94":0,"95":0,"96":0,"97":0,"98":0,"99":0,"100":0,"101":0,"102":0,"103":0,"104":0,"105":0,"106":0},"f":{"0":0,"1":0,"2":0,"3":0,"4":0,"5":0,"6":0,"7":0,"8":0,"9":0,"10":0,"11":0,"12":0,"13":0,"14":0,"15":0,"16":0,"17":0,"18":0},"b":{"0":[0,0],"1":[0,0],"2":[0,0],"3":[0,0],"4":[0,0],"5":[0,0],"6":[0,0],"7":[0,0],"8":[0,0],"9":[0,0],"10":[0,0]},"meta":{"lastBranch":11,"lastFunction":19,"lastStatement":107,"seen":{"s:18:6:24:Infinity":0,"s:26:19:26:Infinity":1,"s:28:0:98:Infinity":2,"s:29:25:29:Infinity":3,"s:30:23:30:Infinity":4,"s:31:2:31:Infinity":5,"s:33:2:33:Infinity":6,"s:34:24:34:Infinity":7,"s:35:20:35:Infinity":8,"s:37:2:37:Infinity":9,"s:38:8:38:Infinity":10,"s:40:2:40:Infinity":11,"s:41:19:41:Infinity":12,"s:42:20:42:Infinity":13,"s:43:2:43:Infinity":14,"f:43:37:43:51":0,"s:43:51:43:64":15,"s:44:2:44:Infinity":16,"f:44:37:44:51":1,"s:44:51:44:57":17,"s:45:2:45:Infinity":18,"f:45:37:45:54":2,"s:45:54:45:63":19,"s:46:2:46:Infinity":20,"f:46:37:46:53":3,"s:46:53:46:61":21,"s:47:2:47:Infinity":22,"f:47:37:47:59":4,"s:47:59:47:73":23,"s:49:24:49:Infinity":24,"s:50:2:50:Infinity":25,"f:50:37:50:58":5,"s:50:58:50:71":26,"s:52:2:52:Infinity":27,"s:54:2:54:Infinity":28,"s:55:18:55:Infinity":29,"s:56:2:56:Infinity":30,"s:57:26:57:Infinity":31,"s:58:2:58:Infinity":32,"s:59:2:59:Infinity":33,"s:60:2:60:Infinity":34,"f:60:37:60:60":6,"s:60:60:60:75":35,"s:62:2:62:Infinity":36,"s:63:8:63:Infinity":37,"s:64:2:64:Infinity":38,"f:64:37:64:58":7,"s:64:58:64:64":39,"s:66:2:66:Infinity":40,"s:67:23:67:Infinity":41,"s:69:25:69:Infinity":42,"s:70:2:70:Infinity":43,"f:70:37:70:60":8,"s:70:60:70:74":44,"s:72:2:72:Infinity":45,"s:73:2:73:Infinity":46,"s:74:2:74:Infinity":47,"s:76:2:76:Infinity":48,"s:77:2:77:Infinity":49,"s:78:2:78:Infinity":50,"s:80:2:80:Infinity":51,"s:81:22:81:Infinity":52,"s:82:2:82:Infinity":53,"s:83:2:83:Infinity":54,"s:84:17:84:Infinity":55,"s:85:2:85:Infinity":56,"s:87:2:87:Infinity":57,"s:89:2:89:Infinity":58,"s:90:2:90:Infinity":59,"s:92:2:92:Infinity":60,"s:94:2:94:Infinity":61,"s:96:2:96:Infinity":62,"s:97:2:97:Infinity":63,"f:100:9:100:Infinity":9,"s:106:8:106:Infinity":64,"f:106:8:106:16":10,"s:106:36:106:Infinity":65,"b:106:59:106:65:106:65:106:Infinity":0,"s:107:16:123:Infinity":66,"b:112:32:112:71:112:71:112:82":1,"b:113:32:113:71:113:71:113:82":2,"b:114:32:114:73:114:73:114:84":3,"b:115:32:115:73:115:73:115:84":4,"b:116:32:116:77:116:77:116:88":5,"s:125:2:127:Infinity":67,"s:126:4:126:Infinity":68,"f:130:9:130:Infinity":11,"s:137:19:164:Infinity":69,"f:137:19:137:31":12,"b:138:4:138:Infinity:undefined:undefined:undefined:undefined":6,"s:138:4:138:Infinity":70,"s:138:22:138:Infinity":71,"s:139:4:139:Infinity":72,"s:141:4:141:Infinity":73,"s:142:4:142:Infinity":74,"s:144:4:148:Infinity":75,"s:145:6:145:Infinity":76,"s:147:6:147:Infinity":77,"s:150:4:154:Infinity":78,"s:151:6:151:Infinity":79,"s:153:6:153:Infinity":80,"s:156:4:160:Infinity":81,"s:157:6:157:Infinity":82,"s:159:6:159:Infinity":83,"s:162:4:162:Infinity":84,"s:163:4:163:Infinity":85,"s:166:2:166:Infinity":86,"s:167:2:167:Infinity":87,"f:170:9:170:Infinity":13,"s:178:2:188:Infinity":88,"f:180:13:180:25":14,"s:181:6:186:Infinity":89,"s:182:8:182:Infinity":90,"s:183:8:183:Infinity":91,"s:185:8:185:Infinity":92,"b:185:70:185:84:185:84:185:104":7,"s:190:2:200:Infinity":93,"f:192:13:192:25":15,"s:193:6:198:Infinity":94,"s:194:8:194:Infinity":95,"s:195:8:195:Infinity":96,"s:197:8:197:Infinity":97,"b:197:70:197:84:197:84:197:109":8,"s:202:2:212:Infinity":98,"f:204:13:204:25":16,"s:205:21:205:Infinity":99,"s:206:6:210:Infinity":100,"b:207:33:207:45:207:45:207:Infinity":9,"b:209:34:209:57:209:57:209:Infinity":10,"s:214:2:224:Infinity":101,"f:216:13:216:25":17,"s:217:20:217:Infinity":102,"s:218:6:222:Infinity":103,"s:226:2:236:Infinity":104,"f:228:13:228:25":18,"s:229:21:229:Infinity":105,"s:230:6:234:Infinity":106},"fnNames":{}}}
,"/home/erastushs/Documents/hoakbot/src/adapters/command-router.ts": {"path":"/home/erastushs/Documents/hoakbot/src/adapters/command-router.ts","statementMap":{"0":{"start":{"line":12,"column":31},"end":{"line":12,"column":null}},"1":{"start":{"line":16,"column":21},"end":{"line":16,"column":null}},"2":{"start":{"line":17,"column":21},"end":{"line":17,"column":null}},"3":{"start":{"line":18,"column":21},"end":{"line":18,"column":null}},"4":{"start":{"line":19,"column":21},"end":{"line":19,"column":null}},"5":{"start":{"line":20,"column":21},"end":{"line":20,"column":null}},"6":{"start":{"line":22,"column":4},"end":{"line":22,"column":null}},"7":{"start":{"line":26,"column":20},"end":{"line":26,"column":null}},"8":{"start":{"line":27,"column":4},"end":{"line":30,"column":null}},"9":{"start":{"line":28,"column":6},"end":{"line":28,"column":null}},"10":{"start":{"line":29,"column":6},"end":{"line":29,"column":null}},"11":{"start":{"line":32,"column":4},"end":{"line":34,"column":null}},"12":{"start":{"line":33,"column":6},"end":{"line":33,"column":null}},"13":{"start":{"line":36,"column":16},"end":{"line":36,"column":null}},"14":{"start":{"line":37,"column":4},"end":{"line":37,"column":null}},"15":{"start":{"line":41,"column":19},"end":{"line":41,"column":null}},"16":{"start":{"line":42,"column":20},"end":{"line":42,"column":null}},"17":{"start":{"line":44,"column":4},"end":{"line":44,"column":null}},"18":{"start":{"line":44,"column":51},"end":{"line":44,"column":null}},"19":{"start":{"line":46,"column":26},"end":{"line":46,"column":null}},"20":{"start":{"line":47,"column":19},"end":{"line":47,"column":null}},"21":{"start":{"line":48,"column":24},"end":{"line":48,"column":null}},"22":{"start":{"line":49,"column":4},"end":{"line":49,"column":null}},"23":{"start":{"line":49,"column":22},"end":{"line":49,"column":null}},"24":{"start":{"line":51,"column":20},"end":{"line":51,"column":null}},"25":{"start":{"line":52,"column":4},"end":{"line":52,"column":null}},"26":{"start":{"line":52,"column":18},"end":{"line":52,"column":null}},"27":{"start":{"line":54,"column":16},"end":{"line":54,"column":null}},"28":{"start":{"line":55,"column":4},"end":{"line":55,"column":null}},"29":{"start":{"line":59,"column":18},"end":{"line":59,"column":null}},"30":{"start":{"line":61,"column":29},"end":{"line":61,"column":null}},"31":{"start":{"line":62,"column":4},"end":{"line":64,"column":null}},"32":{"start":{"line":63,"column":6},"end":{"line":63,"column":null}},"33":{"start":{"line":66,"column":4},"end":{"line":66,"column":null}},"34":{"start":{"line":68,"column":4},"end":{"line":94,"column":null}},"35":{"start":{"line":69,"column":6},"end":{"line":69,"column":null}},"36":{"start":{"line":70,"column":24},"end":{"line":70,"column":null}},"37":{"start":{"line":72,"column":6},"end":{"line":72,"column":null}},"38":{"start":{"line":73,"column":6},"end":{"line":79,"column":null}},"39":{"start":{"line":81,"column":24},"end":{"line":81,"column":null}},"40":{"start":{"line":82,"column":6},"end":{"line":85,"column":null}},"41":{"start":{"line":87,"column":6},"end":{"line":93,"column":null}},"42":{"start":{"line":98,"column":17},"end":{"line":98,"column":null}},"43":{"start":{"line":100,"column":4},"end":{"line":106,"column":null}},"44":{"start":{"line":101,"column":6},"end":{"line":105,"column":null}},"45":{"start":{"line":102,"column":8},"end":{"line":102,"column":null}},"46":{"start":{"line":104,"column":8},"end":{"line":104,"column":null}},"47":{"start":{"line":108,"column":4},"end":{"line":120,"column":null}},"48":{"start":{"line":118,"column":26},"end":{"line":118,"column":null}},"49":{"start":{"line":119,"column":24},"end":{"line":119,"column":null}},"50":{"start":{"line":124,"column":17},"end":{"line":124,"column":null}},"51":{"start":{"line":126,"column":4},"end":{"line":126,"column":null}},"52":{"start":{"line":128,"column":25},"end":{"line":128,"column":null}},"53":{"start":{"line":129,"column":4},"end":{"line":137,"column":null}},"54":{"start":{"line":130,"column":21},"end":{"line":130,"column":null}},"55":{"start":{"line":131,"column":19},"end":{"line":131,"column":null}},"56":{"start":{"line":132,"column":6},"end":{"line":136,"column":null}},"57":{"start":{"line":133,"column":8},"end":{"line":133,"column":null}},"58":{"start":{"line":135,"column":8},"end":{"line":135,"column":null}},"59":{"start":{"line":139,"column":4},"end":{"line":151,"column":null}},"60":{"start":{"line":149,"column":26},"end":{"line":149,"column":null}}},"fnMap":{"0":{"name":"constructor","decl":{"start":{"line":15,"column":2},"end":{"line":15,"column":null}},"loc":{"start":{"line":21,"column":4},"end":{"line":23,"column":null}},"line":21},"1":{"name":"handleSlash","decl":{"start":{"line":25,"column":8},"end":{"line":25,"column":20}},"loc":{"start":{"line":25,"column":77},"end":{"line":38,"column":null}},"line":25},"2":{"name":"handlePrefix","decl":{"start":{"line":40,"column":8},"end":{"line":40,"column":21}},"loc":{"start":{"line":40,"column":54},"end":{"line":56,"column":null}},"line":40},"3":{"name":"executeCommand","decl":{"start":{"line":58,"column":16},"end":{"line":58,"column":31}},"loc":{"start":{"line":58,"column":108},"end":{"line":95,"column":null}},"line":58},"4":{"name":"createSlashContext","decl":{"start":{"line":97,"column":2},"end":{"line":97,"column":10}},"loc":{"start":{"line":97,"column":87},"end":{"line":121,"column":null}},"line":97},"5":{"name":"(anonymous_5)","decl":{"start":{"line":118,"column":6},"end":{"line":118,"column":14}},"loc":{"start":{"line":118,"column":26},"end":{"line":118,"column":null}},"line":118},"6":{"name":"(anonymous_6)","decl":{"start":{"line":119,"column":6},"end":{"line":119,"column":24}},"loc":{"start":{"line":119,"column":24},"end":{"line":119,"column":null}},"line":119},"7":{"name":"createPrefixContext","decl":{"start":{"line":123,"column":2},"end":{"line":123,"column":10}},"loc":{"start":{"line":123,"column":80},"end":{"line":152,"column":null}},"line":123},"8":{"name":"(anonymous_8)","decl":{"start":{"line":149,"column":6},"end":{"line":149,"column":14}},"loc":{"start":{"line":149,"column":26},"end":{"line":149,"column":null}},"line":149},"9":{"name":"(anonymous_9)","decl":{"start":{"line":150,"column":18},"end":{"line":150,"column":30}},"loc":{"start":{"line":150,"column":30},"end":{"line":150,"column":null}},"line":150}},"branchMap":{"0":{"loc":{"start":{"line":27,"column":4},"end":{"line":30,"column":null}},"type":"if","locations":[{"start":{"line":27,"column":4},"end":{"line":30,"column":null}},{"start":{},"end":{}}],"line":27},"1":{"loc":{"start":{"line":32,"column":4},"end":{"line":34,"column":null}},"type":"if","locations":[{"start":{"line":32,"column":4},"end":{"line":34,"column":null}},{"start":{},"end":{}}],"line":32},"2":{"loc":{"start":{"line":32,"column":8},"end":{"line":32,"column":55}},"type":"binary-expr","locations":[{"start":{"line":32,"column":8},"end":{"line":32,"column":33}},{"start":{"line":32,"column":33},"end":{"line":32,"column":55}}],"line":32},"3":{"loc":{"start":{"line":44,"column":4},"end":{"line":44,"column":null}},"type":"if","locations":[{"start":{"line":44,"column":4},"end":{"line":44,"column":null}},{"start":{},"end":{}}],"line":44},"4":{"loc":{"start":{"line":48,"column":24},"end":{"line":48,"column":null}},"type":"binary-expr","locations":[{"start":{"line":48,"column":24},"end":{"line":48,"column":37}},{"start":{"line":48,"column":37},"end":{"line":48,"column":null}}],"line":48},"5":{"loc":{"start":{"line":49,"column":4},"end":{"line":49,"column":null}},"type":"if","locations":[{"start":{"line":49,"column":4},"end":{"line":49,"column":null}},{"start":{},"end":{}}],"line":49},"6":{"loc":{"start":{"line":51,"column":20},"end":{"line":51,"column":null}},"type":"binary-expr","locations":[{"start":{"line":51,"column":20},"end":{"line":51,"column":55}},{"start":{"line":51,"column":55},"end":{"line":51,"column":null}}],"line":51},"7":{"loc":{"start":{"line":52,"column":4},"end":{"line":52,"column":null}},"type":"if","locations":[{"start":{"line":52,"column":4},"end":{"line":52,"column":null}},{"start":{},"end":{}}],"line":52},"8":{"loc":{"start":{"line":62,"column":4},"end":{"line":64,"column":null}},"type":"if","locations":[{"start":{"line":62,"column":4},"end":{"line":64,"column":null}},{"start":{},"end":{}}],"line":62},"9":{"loc":{"start":{"line":77,"column":17},"end":{"line":77,"column":null}},"type":"binary-expr","locations":[{"start":{"line":77,"column":17},"end":{"line":77,"column":34}},{"start":{"line":77,"column":34},"end":{"line":77,"column":null}}],"line":77},"10":{"loc":{"start":{"line":91,"column":17},"end":{"line":91,"column":null}},"type":"binary-expr","locations":[{"start":{"line":91,"column":17},"end":{"line":91,"column":34}},{"start":{"line":91,"column":34},"end":{"line":91,"column":null}}],"line":91},"11":{"loc":{"start":{"line":92,"column":15},"end":{"line":92,"column":null}},"type":"cond-expr","locations":[{"start":{"line":92,"column":38},"end":{"line":92,"column":44}},{"start":{"line":92,"column":44},"end":{"line":92,"column":null}}],"line":92},"12":{"loc":{"start":{"line":101,"column":6},"end":{"line":105,"column":null}},"type":"if","locations":[{"start":{"line":101,"column":6},"end":{"line":105,"column":null}},{"start":{"line":103,"column":13},"end":{"line":105,"column":null}}],"line":101},"13":{"loc":{"start":{"line":102,"column":30},"end":{"line":102,"column":54}},"type":"binary-expr","locations":[{"start":{"line":102,"column":30},"end":{"line":102,"column":45}},{"start":{"line":102,"column":45},"end":{"line":102,"column":54}}],"line":102},"14":{"loc":{"start":{"line":129,"column":4},"end":{"line":137,"column":null}},"type":"if","locations":[{"start":{"line":129,"column":4},"end":{"line":137,"column":null}},{"start":{},"end":{}}],"line":129},"15":{"loc":{"start":{"line":129,"column":8},"end":{"line":129,"column":41}},"type":"binary-expr","locations":[{"start":{"line":129,"column":8},"end":{"line":129,"column":24}},{"start":{"line":129,"column":24},"end":{"line":129,"column":41}}],"line":129},"16":{"loc":{"start":{"line":131,"column":19},"end":{"line":131,"column":null}},"type":"binary-expr","locations":[{"start":{"line":131,"column":19},"end":{"line":131,"column":57}},{"start":{"line":131,"column":57},"end":{"line":131,"column":null}}],"line":131},"17":{"loc":{"start":{"line":132,"column":6},"end":{"line":136,"column":null}},"type":"if","locations":[{"start":{"line":132,"column":6},"end":{"line":136,"column":null}},{"start":{"line":134,"column":13},"end":{"line":136,"column":null}}],"line":132}},"s":{"0":0,"1":0,"2":0,"3":0,"4":0,"5":0,"6":0,"7":0,"8":0,"9":0,"10":0,"11":0,"12":0,"13":0,"14":0,"15":0,"16":0,"17":0,"18":0,"19":0,"20":0,"21":0,"22":0,"23":0,"24":0,"25":0,"26":0,"27":0,"28":0,"29":0,"30":0,"31":0,"32":0,"33":0,"34":0,"35":0,"36":0,"37":0,"38":0,"39":0,"40":0,"41":0,"42":0,"43":0,"44":0,"45":0,"46":0,"47":0,"48":0,"49":0,"50":0,"51":0,"52":0,"53":0,"54":0,"55":0,"56":0,"57":0,"58":0,"59":0,"60":0},"f":{"0":0,"1":0,"2":0,"3":0,"4":0,"5":0,"6":0,"7":0,"8":0,"9":0},"b":{"0":[0,0],"1":[0,0],"2":[0,0],"3":[0,0],"4":[0,0],"5":[0,0],"6":[0,0],"7":[0,0],"8":[0,0],"9":[0,0],"10":[0,0],"11":[0,0],"12":[0,0],"13":[0,0],"14":[0,0],"15":[0,0],"16":[0,0],"17":[0,0]},"meta":{"lastBranch":18,"lastFunction":10,"lastStatement":61,"seen":{"s:12:31:12:Infinity":0,"f:15:2:15:Infinity":0,"s:16:21:16:Infinity":1,"s:17:21:17:Infinity":2,"s:18:21:18:Infinity":3,"s:19:21:19:Infinity":4,"s:20:21:20:Infinity":5,"s:22:4:22:Infinity":6,"f:25:8:25:20":1,"s:26:20:26:Infinity":7,"b:27:4:30:Infinity:undefined:undefined:undefined:undefined":0,"s:27:4:30:Infinity":8,"s:28:6:28:Infinity":9,"s:29:6:29:Infinity":10,"b:32:4:34:Infinity:undefined:undefined:undefined:undefined":1,"s:32:4:34:Infinity":11,"b:32:8:32:33:32:33:32:55":2,"s:33:6:33:Infinity":12,"s:36:16:36:Infinity":13,"s:37:4:37:Infinity":14,"f:40:8:40:21":2,"s:41:19:41:Infinity":15,"s:42:20:42:Infinity":16,"b:44:4:44:Infinity:undefined:undefined:undefined:undefined":3,"s:44:4:44:Infinity":17,"s:44:51:44:Infinity":18,"s:46:26:46:Infinity":19,"s:47:19:47:Infinity":20,"s:48:24:48:Infinity":21,"b:48:24:48:37:48:37:48:Infinity":4,"b:49:4:49:Infinity:undefined:undefined:undefined:undefined":5,"s:49:4:49:Infinity":22,"s:49:22:49:Infinity":23,"s:51:20:51:Infinity":24,"b:51:20:51:55:51:55:51:Infinity":6,"b:52:4:52:Infinity:undefined:undefined:undefined:undefined":7,"s:52:4:52:Infinity":25,"s:52:18:52:Infinity":26,"s:54:16:54:Infinity":27,"s:55:4:55:Infinity":28,"f:58:16:58:31":3,"s:59:18:59:Infinity":29,"s:61:29:61:Infinity":30,"b:62:4:64:Infinity:undefined:undefined:undefined:undefined":8,"s:62:4:64:Infinity":31,"s:63:6:63:Infinity":32,"s:66:4:66:Infinity":33,"s:68:4:94:Infinity":34,"s:69:6:69:Infinity":35,"s:70:24:70:Infinity":36,"s:72:6:72:Infinity":37,"s:73:6:79:Infinity":38,"b:77:17:77:34:77:34:77:Infinity":9,"s:81:24:81:Infinity":39,"s:82:6:85:Infinity":40,"s:87:6:93:Infinity":41,"b:91:17:91:34:91:34:91:Infinity":10,"b:92:38:92:44:92:44:92:Infinity":11,"f:97:2:97:10":4,"s:98:17:98:Infinity":42,"s:100:4:106:Infinity":43,"b:101:6:105:Infinity:103:13:105:Infinity":12,"s:101:6:105:Infinity":44,"s:102:8:102:Infinity":45,"b:102:30:102:45:102:45:102:54":13,"s:104:8:104:Infinity":46,"s:108:4:120:Infinity":47,"f:118:6:118:14":5,"s:118:26:118:Infinity":48,"f:119:6:119:24":6,"s:119:24:119:Infinity":49,"f:123:2:123:10":7,"s:124:17:124:Infinity":50,"s:126:4:126:Infinity":51,"s:128:25:128:Infinity":52,"b:129:4:137:Infinity:undefined:undefined:undefined:undefined":14,"s:129:4:137:Infinity":53,"b:129:8:129:24:129:24:129:41":15,"s:130:21:130:Infinity":54,"s:131:19:131:Infinity":55,"b:131:19:131:57:131:57:131:Infinity":16,"b:132:6:136:Infinity:134:13:136:Infinity":17,"s:132:6:136:Infinity":56,"s:133:8:133:Infinity":57,"s:135:8:135:Infinity":58,"s:139:4:151:Infinity":59,"f:149:6:149:14":8,"s:149:26:149:Infinity":60,"f:150:18:150:30":9},"fnNames":{}}}
,"/home/erastushs/Documents/hoakbot/src/adapters/discord-client.ts": {"path":"/home/erastushs/Documents/hoakbot/src/adapters/discord-client.ts","statementMap":{"0":{"start":{"line":14,"column":17},"end":{"line":23,"column":null}},"1":{"start":{"line":25,"column":2},"end":{"line":45,"column":null}},"2":{"start":{"line":26,"column":23},"end":{"line":26,"column":null}},"3":{"start":{"line":27,"column":19},"end":{"line":27,"column":null}},"4":{"start":{"line":29,"column":4},"end":{"line":37,"column":null}},"5":{"start":{"line":39,"column":4},"end":{"line":39,"column":null}},"6":{"start":{"line":41,"column":4},"end":{"line":44,"column":null}},"7":{"start":{"line":47,"column":2},"end":{"line":49,"column":null}},"8":{"start":{"line":48,"column":4},"end":{"line":48,"column":null}},"9":{"start":{"line":51,"column":2},"end":{"line":53,"column":null}},"10":{"start":{"line":52,"column":4},"end":{"line":52,"column":null}},"11":{"start":{"line":55,"column":2},"end":{"line":57,"column":null}},"12":{"start":{"line":56,"column":4},"end":{"line":56,"column":null}},"13":{"start":{"line":59,"column":2},"end":{"line":67,"column":null}},"14":{"start":{"line":60,"column":21},"end":{"line":60,"column":null}},"15":{"start":{"line":61,"column":4},"end":{"line":66,"column":null}},"16":{"start":{"line":62,"column":6},"end":{"line":65,"column":null}},"17":{"start":{"line":69,"column":2},"end":{"line":69,"column":null}}},"fnMap":{"0":{"name":"createDiscordClient","decl":{"start":{"line":8,"column":16},"end":{"line":8,"column":null}},"loc":{"start":{"line":13,"column":10},"end":{"line":70,"column":null}},"line":13},"1":{"name":"(anonymous_1)","decl":{"start":{"line":25,"column":19},"end":{"line":25,"column":33}},"loc":{"start":{"line":25,"column":49},"end":{"line":45,"column":3}},"line":25},"2":{"name":"(anonymous_2)","decl":{"start":{"line":47,"column":19},"end":{"line":47,"column":27}},"loc":{"start":{"line":47,"column":37},"end":{"line":49,"column":3}},"line":47},"3":{"name":"(anonymous_3)","decl":{"start":{"line":51,"column":19},"end":{"line":51,"column":26}},"loc":{"start":{"line":51,"column":38},"end":{"line":53,"column":3}},"line":51},"4":{"name":"(anonymous_4)","decl":{"start":{"line":55,"column":19},"end":{"line":55,"column":27}},"loc":{"start":{"line":55,"column":39},"end":{"line":57,"column":3}},"line":55},"5":{"name":"(anonymous_5)","decl":{"start":{"line":59,"column":21},"end":{"line":59,"column":40}},"loc":{"start":{"line":59,"column":40},"end":{"line":67,"column":3}},"line":59}},"branchMap":{"0":{"loc":{"start":{"line":61,"column":4},"end":{"line":66,"column":null}},"type":"if","locations":[{"start":{"line":61,"column":4},"end":{"line":66,"column":null}},{"start":{},"end":{}}],"line":61},"1":{"loc":{"start":{"line":61,"column":8},"end":{"line":61,"column":55}},"type":"binary-expr","locations":[{"start":{"line":61,"column":8},"end":{"line":61,"column":25}},{"start":{"line":61,"column":25},"end":{"line":61,"column":42}},{"start":{"line":61,"column":42},"end":{"line":61,"column":55}}],"line":61}},"s":{"0":0,"1":0,"2":0,"3":0,"4":0,"5":0,"6":0,"7":0,"8":0,"9":0,"10":0,"11":0,"12":0,"13":0,"14":0,"15":0,"16":0,"17":0},"f":{"0":0,"1":0,"2":0,"3":0,"4":0,"5":0},"b":{"0":[0,0],"1":[0,0,0]},"meta":{"lastBranch":2,"lastFunction":6,"lastStatement":18,"seen":{"f:8:16:8:Infinity":0,"s:14:17:23:Infinity":0,"s:25:2:45:Infinity":1,"f:25:19:25:33":1,"s:26:23:26:Infinity":2,"s:27:19:27:Infinity":3,"s:29:4:37:Infinity":4,"s:39:4:39:Infinity":5,"s:41:4:44:Infinity":6,"s:47:2:49:Infinity":7,"f:47:19:47:27":2,"s:48:4:48:Infinity":8,"s:51:2:53:Infinity":9,"f:51:19:51:26":3,"s:52:4:52:Infinity":10,"s:55:2:57:Infinity":11,"f:55:19:55:27":4,"s:56:4:56:Infinity":12,"s:59:2:67:Infinity":13,"f:59:21:59:40":5,"s:60:21:60:Infinity":14,"b:61:4:66:Infinity:undefined:undefined:undefined:undefined":0,"s:61:4:66:Infinity":15,"b:61:8:61:25:61:25:61:42:61:42:61:55":1,"s:62:6:65:Infinity":16,"s:69:2:69:Infinity":17},"fnNames":{}}}
,"/home/erastushs/Documents/hoakbot/src/adapters/index.ts": {"path":"/home/erastushs/Documents/hoakbot/src/adapters/index.ts","statementMap":{},"fnMap":{},"branchMap":{},"s":{},"f":{},"b":{},"meta":{"lastBranch":0,"lastFunction":0,"lastStatement":0,"seen":{},"fnNames":{}}}
,"/home/erastushs/Documents/hoakbot/src/core/index.ts": {"path":"/home/erastushs/Documents/hoakbot/src/core/index.ts","statementMap":{},"fnMap":{},"branchMap":{},"s":{},"f":{},"b":{},"meta":{"lastBranch":0,"lastFunction":0,"lastStatement":0,"seen":{},"fnNames":{}}}
,"/home/erastushs/Documents/hoakbot/src/core/cache/index.ts": {"path":"/home/erastushs/Documents/hoakbot/src/core/cache/index.ts","statementMap":{},"fnMap":{},"branchMap":{},"s":{},"f":{},"b":{},"meta":{"lastBranch":0,"lastFunction":0,"lastStatement":0,"seen":{},"fnNames":{}}}
,"/home/erastushs/Documents/hoakbot/src/core/cache/types.ts": {"path":"/home/erastushs/Documents/hoakbot/src/core/cache/types.ts","statementMap":{},"fnMap":{},"branchMap":{},"s":{},"f":{},"b":{},"meta":{"lastBranch":0,"lastFunction":0,"lastStatement":0,"seen":{},"fnNames":{}}}
,"/home/erastushs/Documents/hoakbot/src/core/config/config.service.ts": {"path":"/home/erastushs/Documents/hoakbot/src/core/config/config.service.ts","statementMap":{"0":{"start":{"line":8,"column":37},"end":{"line":8,"column":null}},"1":{"start":{"line":11,"column":4},"end":{"line":13,"column":null}},"2":{"start":{"line":12,"column":6},"end":{"line":12,"column":null}},"3":{"start":{"line":15,"column":4},"end":{"line":15,"column":null}},"4":{"start":{"line":17,"column":16},"end":{"line":17,"column":null}},"5":{"start":{"line":18,"column":16},"end":{"line":18,"column":null}},"6":{"start":{"line":19,"column":24},"end":{"line":19,"column":null}},"7":{"start":{"line":20,"column":25},"end":{"line":20,"column":null}},"8":{"start":{"line":22,"column":19},"end":{"line":22,"column":null}},"9":{"start":{"line":23,"column":19},"end":{"line":23,"column":null}},"10":{"start":{"line":25,"column":4},"end":{"line":25,"column":null}},"11":{"start":{"line":26,"column":4},"end":{"line":26,"column":null}},"12":{"start":{"line":30,"column":4},"end":{"line":32,"column":null}},"13":{"start":{"line":31,"column":6},"end":{"line":31,"column":null}},"14":{"start":{"line":33,"column":4},"end":{"line":33,"column":null}},"15":{"start":{"line":37,"column":16},"end":{"line":45,"column":null}},"16":{"start":{"line":47,"column":4},"end":{"line":47,"column":null}},"17":{"start":{"line":51,"column":10},"end":{"line":51,"column":null}},"18":{"start":{"line":52,"column":10},"end":{"line":52,"column":null}},"19":{"start":{"line":53,"column":4},"end":{"line":53,"column":null}},"20":{"start":{"line":62,"column":20},"end":{"line":62,"column":null}},"21":{"start":{"line":63,"column":21},"end":{"line":67,"column":null}},"22":{"start":{"line":65,"column":31},"end":{"line":65,"column":40}},"23":{"start":{"line":69,"column":4},"end":{"line":84,"column":null}}},"fnMap":{"0":{"name":"load","decl":{"start":{"line":10,"column":2},"end":{"line":10,"column":30}},"loc":{"start":{"line":10,"column":30},"end":{"line":27,"column":null}},"line":10},"1":{"name":"get","decl":{"start":{"line":29,"column":2},"end":{"line":29,"column":29}},"loc":{"start":{"line":29,"column":29},"end":{"line":34,"column":null}},"line":29},"2":{"name":"parseEnv","decl":{"start":{"line":36,"column":2},"end":{"line":36,"column":10}},"loc":{"start":{"line":36,"column":21},"end":{"line":48,"column":null}},"line":36},"3":{"name":"readJsonFile","decl":{"start":{"line":50,"column":2},"end":{"line":50,"column":10}},"loc":{"start":{"line":50,"column":66},"end":{"line":54,"column":null}},"line":50},"4":{"name":"buildConfig","decl":{"start":{"line":56,"column":2},"end":{"line":56,"column":10}},"loc":{"start":{"line":61,"column":4},"end":{"line":85,"column":null}},"line":61},"5":{"name":"(anonymous_5)","decl":{"start":{"line":65,"column":11},"end":{"line":65,"column":16}},"loc":{"start":{"line":65,"column":31},"end":{"line":65,"column":40}},"line":65}},"branchMap":{"0":{"loc":{"start":{"line":11,"column":4},"end":{"line":13,"column":null}},"type":"if","locations":[{"start":{"line":11,"column":4},"end":{"line":13,"column":null}},{"start":{},"end":{}}],"line":11},"1":{"loc":{"start":{"line":30,"column":4},"end":{"line":32,"column":null}},"type":"if","locations":[{"start":{"line":30,"column":4},"end":{"line":32,"column":null}},{"start":{},"end":{}}],"line":30},"2":{"loc":{"start":{"line":62,"column":20},"end":{"line":62,"column":null}},"type":"binary-expr","locations":[{"start":{"line":62,"column":20},"end":{"line":62,"column":37}},{"start":{"line":62,"column":37},"end":{"line":62,"column":78}},{"start":{"line":62,"column":78},"end":{"line":62,"column":null}}],"line":62},"3":{"loc":{"start":{"line":63,"column":21},"end":{"line":67,"column":null}},"type":"cond-expr","locations":[{"start":{"line":64,"column":8},"end":{"line":66,"column":null}},{"start":{"line":67,"column":10},"end":{"line":67,"column":null}}],"line":63},"4":{"loc":{"start":{"line":67,"column":10},"end":{"line":67,"column":null}},"type":"binary-expr","locations":[{"start":{"line":67,"column":10},"end":{"line":67,"column":54}},{"start":{"line":67,"column":54},"end":{"line":67,"column":null}}],"line":67}},"s":{"0":0,"1":0,"2":0,"3":0,"4":0,"5":0,"6":0,"7":0,"8":0,"9":0,"10":0,"11":0,"12":0,"13":0,"14":0,"15":0,"16":0,"17":0,"18":0,"19":0,"20":0,"21":0,"22":0,"23":0},"f":{"0":0,"1":0,"2":0,"3":0,"4":0,"5":0},"b":{"0":[0,0],"1":[0,0],"2":[0,0,0],"3":[0,0],"4":[0,0]},"meta":{"lastBranch":5,"lastFunction":6,"lastStatement":24,"seen":{"s:8:37:8:Infinity":0,"f:10:2:10:30":0,"b:11:4:13:Infinity:undefined:undefined:undefined:undefined":0,"s:11:4:13:Infinity":1,"s:12:6:12:Infinity":2,"s:15:4:15:Infinity":3,"s:17:16:17:Infinity":4,"s:18:16:18:Infinity":5,"s:19:24:19:Infinity":6,"s:20:25:20:Infinity":7,"s:22:19:22:Infinity":8,"s:23:19:23:Infinity":9,"s:25:4:25:Infinity":10,"s:26:4:26:Infinity":11,"f:29:2:29:29":1,"b:30:4:32:Infinity:undefined:undefined:undefined:undefined":1,"s:30:4:32:Infinity":12,"s:31:6:31:Infinity":13,"s:33:4:33:Infinity":14,"f:36:2:36:10":2,"s:37:16:45:Infinity":15,"s:47:4:47:Infinity":16,"f:50:2:50:10":3,"s:51:10:51:Infinity":17,"s:52:10:52:Infinity":18,"s:53:4:53:Infinity":19,"f:56:2:56:10":4,"s:62:20:62:Infinity":20,"b:62:20:62:37:62:37:62:78:62:78:62:Infinity":2,"s:63:21:67:Infinity":21,"b:64:8:66:Infinity:67:10:67:Infinity":3,"f:65:11:65:16":5,"s:65:31:65:40":22,"b:67:10:67:54:67:54:67:Infinity":4,"s:69:4:84:Infinity":23},"fnNames":{}}}
,"/home/erastushs/Documents/hoakbot/src/core/config/index.ts": {"path":"/home/erastushs/Documents/hoakbot/src/core/config/index.ts","statementMap":{},"fnMap":{},"branchMap":{},"s":{},"f":{},"b":{},"meta":{"lastBranch":0,"lastFunction":0,"lastStatement":0,"seen":{},"fnNames":{}}}
,"/home/erastushs/Documents/hoakbot/src/core/config/schema.ts": {"path":"/home/erastushs/Documents/hoakbot/src/core/config/schema.ts","statementMap":{"0":{"start":{"line":3,"column":30},"end":{"line":6,"column":null}},"1":{"start":{"line":8,"column":24},"end":{"line":11,"column":null}},"2":{"start":{"line":13,"column":20},"end":{"line":21,"column":null}},"3":{"start":{"line":23,"column":18},"end":{"line":31,"column":null}},"4":{"start":{"line":33,"column":26},"end":{"line":39,"column":null}},"5":{"start":{"line":41,"column":27},"end":{"line":43,"column":null}},"6":{"start":{"line":45,"column":25},"end":{"line":53,"column":null}},"7":{"start":{"line":55,"column":31},"end":{"line":70,"column":null}}},"fnMap":{},"branchMap":{},"s":{"0":0,"1":0,"2":0,"3":0,"4":0,"5":0,"6":0,"7":0},"f":{},"b":{},"meta":{"lastBranch":0,"lastFunction":0,"lastStatement":8,"seen":{"s:3:30:6:Infinity":0,"s:8:24:11:Infinity":1,"s:13:20:21:Infinity":2,"s:23:18:31:Infinity":3,"s:33:26:39:Infinity":4,"s:41:27:43:Infinity":5,"s:45:25:53:Infinity":6,"s:55:31:70:Infinity":7},"fnNames":{}}}
,"/home/erastushs/Documents/hoakbot/src/core/config/types.ts": {"path":"/home/erastushs/Documents/hoakbot/src/core/config/types.ts","statementMap":{},"fnMap":{},"branchMap":{},"s":{},"f":{},"b":{},"meta":{"lastBranch":0,"lastFunction":0,"lastStatement":0,"seen":{},"fnNames":{}}}
,"/home/erastushs/Documents/hoakbot/src/core/container/container.ts": {"path":"/home/erastushs/Documents/hoakbot/src/core/container/container.ts","statementMap":{"0":{"start":{"line":10,"column":35},"end":{"line":10,"column":null}},"1":{"start":{"line":11,"column":31},"end":{"line":11,"column":null}},"2":{"start":{"line":14,"column":4},"end":{"line":14,"column":null}},"3":{"start":{"line":18,"column":4},"end":{"line":18,"column":null}},"4":{"start":{"line":22,"column":4},"end":{"line":22,"column":null}},"5":{"start":{"line":26,"column":25},"end":{"line":26,"column":null}},"6":{"start":{"line":27,"column":4},"end":{"line":29,"column":null}},"7":{"start":{"line":28,"column":6},"end":{"line":28,"column":null}},"8":{"start":{"line":31,"column":4},"end":{"line":33,"column":null}},"9":{"start":{"line":32,"column":6},"end":{"line":32,"column":null}},"10":{"start":{"line":35,"column":4},"end":{"line":37,"column":null}},"11":{"start":{"line":36,"column":6},"end":{"line":36,"column":null}},"12":{"start":{"line":39,"column":4},"end":{"line":39,"column":null}},"13":{"start":{"line":40,"column":4},"end":{"line":48,"column":null}},"14":{"start":{"line":41,"column":23},"end":{"line":41,"column":null}},"15":{"start":{"line":42,"column":6},"end":{"line":44,"column":null}},"16":{"start":{"line":43,"column":8},"end":{"line":43,"column":null}},"17":{"start":{"line":45,"column":6},"end":{"line":45,"column":null}},"18":{"start":{"line":47,"column":6},"end":{"line":47,"column":null}},"19":{"start":{"line":52,"column":4},"end":{"line":52,"column":null}},"20":{"start":{"line":56,"column":4},"end":{"line":56,"column":null}},"21":{"start":{"line":57,"column":4},"end":{"line":57,"column":null}},"22":{"start":{"line":61,"column":4},"end":{"line":63,"column":null}},"23":{"start":{"line":62,"column":6},"end":{"line":62,"column":null}},"24":{"start":{"line":64,"column":4},"end":{"line":64,"column":null}}},"fnMap":{"0":{"name":"registerSingleton","decl":{"start":{"line":13,"column":2},"end":{"line":13,"column":23}},"loc":{"start":{"line":13,"column":76},"end":{"line":15,"column":null}},"line":13},"1":{"name":"registerTransient","decl":{"start":{"line":17,"column":2},"end":{"line":17,"column":23}},"loc":{"start":{"line":17,"column":76},"end":{"line":19,"column":null}},"line":17},"2":{"name":"registerFactory","decl":{"start":{"line":21,"column":2},"end":{"line":21,"column":21}},"loc":{"start":{"line":21,"column":74},"end":{"line":23,"column":null}},"line":21},"3":{"name":"resolve","decl":{"start":{"line":25,"column":2},"end":{"line":25,"column":13}},"loc":{"start":{"line":25,"column":42},"end":{"line":49,"column":null}},"line":25},"4":{"name":"has","decl":{"start":{"line":51,"column":2},"end":{"line":51,"column":6}},"loc":{"start":{"line":51,"column":47},"end":{"line":53,"column":null}},"line":51},"5":{"name":"clear","decl":{"start":{"line":55,"column":2},"end":{"line":55,"column":16}},"loc":{"start":{"line":55,"column":16},"end":{"line":58,"column":null}},"line":55},"6":{"name":"register","decl":{"start":{"line":60,"column":2},"end":{"line":60,"column":10}},"loc":{"start":{"line":60,"column":95},"end":{"line":65,"column":null}},"line":60}},"branchMap":{"0":{"loc":{"start":{"line":27,"column":4},"end":{"line":29,"column":null}},"type":"if","locations":[{"start":{"line":27,"column":4},"end":{"line":29,"column":null}},{"start":{},"end":{}}],"line":27},"1":{"loc":{"start":{"line":31,"column":4},"end":{"line":33,"column":null}},"type":"if","locations":[{"start":{"line":31,"column":4},"end":{"line":33,"column":null}},{"start":{},"end":{}}],"line":31},"2":{"loc":{"start":{"line":31,"column":8},"end":{"line":31,"column":71}},"type":"binary-expr","locations":[{"start":{"line":31,"column":8},"end":{"line":31,"column":34}},{"start":{"line":31,"column":34},"end":{"line":31,"column":71}}],"line":31},"3":{"loc":{"start":{"line":35,"column":4},"end":{"line":37,"column":null}},"type":"if","locations":[{"start":{"line":35,"column":4},"end":{"line":37,"column":null}},{"start":{},"end":{}}],"line":35},"4":{"loc":{"start":{"line":42,"column":6},"end":{"line":44,"column":null}},"type":"if","locations":[{"start":{"line":42,"column":6},"end":{"line":44,"column":null}},{"start":{},"end":{}}],"line":42},"5":{"loc":{"start":{"line":61,"column":4},"end":{"line":63,"column":null}},"type":"if","locations":[{"start":{"line":61,"column":4},"end":{"line":63,"column":null}},{"start":{},"end":{}}],"line":61}},"s":{"0":0,"1":0,"2":0,"3":0,"4":0,"5":0,"6":0,"7":0,"8":0,"9":0,"10":0,"11":0,"12":0,"13":0,"14":0,"15":0,"16":0,"17":0,"18":0,"19":0,"20":0,"21":0,"22":0,"23":0,"24":0},"f":{"0":0,"1":0,"2":0,"3":0,"4":0,"5":0,"6":0},"b":{"0":[0,0],"1":[0,0],"2":[0,0],"3":[0,0],"4":[0,0],"5":[0,0]},"meta":{"lastBranch":6,"lastFunction":7,"lastStatement":25,"seen":{"s:10:35:10:Infinity":0,"s:11:31:11:Infinity":1,"f:13:2:13:23":0,"s:14:4:14:Infinity":2,"f:17:2:17:23":1,"s:18:4:18:Infinity":3,"f:21:2:21:21":2,"s:22:4:22:Infinity":4,"f:25:2:25:13":3,"s:26:25:26:Infinity":5,"b:27:4:29:Infinity:undefined:undefined:undefined:undefined":0,"s:27:4:29:Infinity":6,"s:28:6:28:Infinity":7,"b:31:4:33:Infinity:undefined:undefined:undefined:undefined":1,"s:31:4:33:Infinity":8,"b:31:8:31:34:31:34:31:71":2,"s:32:6:32:Infinity":9,"b:35:4:37:Infinity:undefined:undefined:undefined:undefined":3,"s:35:4:37:Infinity":10,"s:36:6:36:Infinity":11,"s:39:4:39:Infinity":12,"s:40:4:48:Infinity":13,"s:41:23:41:Infinity":14,"b:42:6:44:Infinity:undefined:undefined:undefined:undefined":4,"s:42:6:44:Infinity":15,"s:43:8:43:Infinity":16,"s:45:6:45:Infinity":17,"s:47:6:47:Infinity":18,"f:51:2:51:6":4,"s:52:4:52:Infinity":19,"f:55:2:55:16":5,"s:56:4:56:Infinity":20,"s:57:4:57:Infinity":21,"f:60:2:60:10":6,"b:61:4:63:Infinity:undefined:undefined:undefined:undefined":5,"s:61:4:63:Infinity":22,"s:62:6:62:Infinity":23,"s:64:4:64:Infinity":24},"fnNames":{}}}
,"/home/erastushs/Documents/hoakbot/src/core/container/index.ts": {"path":"/home/erastushs/Documents/hoakbot/src/core/container/index.ts","statementMap":{},"fnMap":{},"branchMap":{},"s":{},"f":{},"b":{},"meta":{"lastBranch":0,"lastFunction":0,"lastStatement":0,"seen":{},"fnNames":{}}}
,"/home/erastushs/Documents/hoakbot/src/core/container/tokens.ts": {"path":"/home/erastushs/Documents/hoakbot/src/core/container/tokens.ts","statementMap":{"0":{"start":{"line":12,"column":22},"end":{"line":22,"column":null}}},"fnMap":{},"branchMap":{},"s":{"0":0},"f":{},"b":{},"meta":{"lastBranch":0,"lastFunction":0,"lastStatement":1,"seen":{"s:12:22:22:Infinity":0},"fnNames":{}}}
,"/home/erastushs/Documents/hoakbot/src/core/container/types.ts": {"path":"/home/erastushs/Documents/hoakbot/src/core/container/types.ts","statementMap":{},"fnMap":{},"branchMap":{},"s":{},"f":{},"b":{},"meta":{"lastBranch":0,"lastFunction":0,"lastStatement":0,"seen":{},"fnNames":{}}}
,"/home/erastushs/Documents/hoakbot/src/core/database/database-adapter.ts": {"path":"/home/erastushs/Documents/hoakbot/src/core/database/database-adapter.ts","statementMap":{},"fnMap":{},"branchMap":{},"s":{},"f":{},"b":{},"meta":{"lastBranch":0,"lastFunction":0,"lastStatement":0,"seen":{},"fnNames":{}}}
,"/home/erastushs/Documents/hoakbot/src/core/database/index.ts": {"path":"/home/erastushs/Documents/hoakbot/src/core/database/index.ts","statementMap":{},"fnMap":{},"branchMap":{},"s":{},"f":{},"b":{},"meta":{"lastBranch":0,"lastFunction":0,"lastStatement":0,"seen":{},"fnNames":{}}}
,"/home/erastushs/Documents/hoakbot/src/core/database/supabase.adapter.ts": {"path":"/home/erastushs/Documents/hoakbot/src/core/database/supabase.adapter.ts","statementMap":{"0":{"start":{"line":9,"column":28},"end":{"line":9,"column":null}},"1":{"start":{"line":10,"column":22},"end":{"line":10,"column":null}},"2":{"start":{"line":13,"column":21},"end":{"line":13,"column":null}},"3":{"start":{"line":14,"column":21},"end":{"line":14,"column":null}},"4":{"start":{"line":18,"column":28},"end":{"line":18,"column":null}},"5":{"start":{"line":19,"column":4},"end":{"line":21,"column":null}},"6":{"start":{"line":20,"column":6},"end":{"line":20,"column":null}},"7":{"start":{"line":23,"column":4},"end":{"line":23,"column":null}},"8":{"start":{"line":25,"column":4},"end":{"line":42,"column":null}},"9":{"start":{"line":26,"column":6},"end":{"line":31,"column":null}},"10":{"start":{"line":33,"column":21},"end":{"line":33,"column":null}},"11":{"start":{"line":34,"column":6},"end":{"line":36,"column":null}},"12":{"start":{"line":35,"column":8},"end":{"line":35,"column":null}},"13":{"start":{"line":37,"column":6},"end":{"line":37,"column":null}},"14":{"start":{"line":38,"column":6},"end":{"line":38,"column":null}},"15":{"start":{"line":40,"column":6},"end":{"line":40,"column":null}},"16":{"start":{"line":41,"column":6},"end":{"line":41,"column":null}},"17":{"start":{"line":46,"column":4},"end":{"line":51,"column":null}},"18":{"start":{"line":47,"column":6},"end":{"line":47,"column":null}},"19":{"start":{"line":48,"column":6},"end":{"line":48,"column":null}},"20":{"start":{"line":49,"column":6},"end":{"line":49,"column":null}},"21":{"start":{"line":50,"column":6},"end":{"line":50,"column":null}},"22":{"start":{"line":55,"column":4},"end":{"line":57,"column":null}},"23":{"start":{"line":56,"column":6},"end":{"line":56,"column":null}},"24":{"start":{"line":59,"column":18},"end":{"line":59,"column":null}},"25":{"start":{"line":60,"column":4},"end":{"line":69,"column":null}},"26":{"start":{"line":61,"column":6},"end":{"line":61,"column":null}},"27":{"start":{"line":62,"column":24},"end":{"line":62,"column":null}},"28":{"start":{"line":63,"column":6},"end":{"line":63,"column":null}},"29":{"start":{"line":64,"column":6},"end":{"line":64,"column":null}},"30":{"start":{"line":66,"column":24},"end":{"line":66,"column":null}},"31":{"start":{"line":67,"column":22},"end":{"line":67,"column":null}},"32":{"start":{"line":68,"column":6},"end":{"line":68,"column":null}},"33":{"start":{"line":73,"column":4},"end":{"line":75,"column":null}},"34":{"start":{"line":74,"column":6},"end":{"line":74,"column":null}},"35":{"start":{"line":76,"column":4},"end":{"line":76,"column":null}},"36":{"start":{"line":80,"column":4},"end":{"line":80,"column":null}}},"fnMap":{"0":{"name":"constructor","decl":{"start":{"line":12,"column":2},"end":{"line":12,"column":null}},"loc":{"start":{"line":15,"column":4},"end":{"line":15,"column":null}},"line":15},"1":{"name":"connect","decl":{"start":{"line":17,"column":8},"end":{"line":17,"column":33}},"loc":{"start":{"line":17,"column":33},"end":{"line":43,"column":null}},"line":17},"2":{"name":"disconnect","decl":{"start":{"line":45,"column":8},"end":{"line":45,"column":36}},"loc":{"start":{"line":45,"column":36},"end":{"line":52,"column":null}},"line":45},"3":{"name":"checkConnection","decl":{"start":{"line":54,"column":8},"end":{"line":54,"column":58}},"loc":{"start":{"line":54,"column":58},"end":{"line":70,"column":null}},"line":54},"4":{"name":"getClient","decl":{"start":{"line":72,"column":2},"end":{"line":72,"column":19}},"loc":{"start":{"line":72,"column":19},"end":{"line":77,"column":null}},"line":72},"5":{"name":"isConnected","decl":{"start":{"line":79,"column":2},"end":{"line":79,"column":25}},"loc":{"start":{"line":79,"column":25},"end":{"line":81,"column":null}},"line":79}},"branchMap":{"0":{"loc":{"start":{"line":19,"column":4},"end":{"line":21,"column":null}},"type":"if","locations":[{"start":{"line":19,"column":4},"end":{"line":21,"column":null}},{"start":{},"end":{}}],"line":19},"1":{"loc":{"start":{"line":34,"column":6},"end":{"line":36,"column":null}},"type":"if","locations":[{"start":{"line":34,"column":6},"end":{"line":36,"column":null}},{"start":{},"end":{}}],"line":34},"2":{"loc":{"start":{"line":35,"column":79},"end":{"line":35,"column":112}},"type":"binary-expr","locations":[{"start":{"line":35,"column":79},"end":{"line":35,"column":95}},{"start":{"line":35,"column":95},"end":{"line":35,"column":112}}],"line":35},"3":{"loc":{"start":{"line":46,"column":4},"end":{"line":51,"column":null}},"type":"if","locations":[{"start":{"line":46,"column":4},"end":{"line":51,"column":null}},{"start":{},"end":{}}],"line":46},"4":{"loc":{"start":{"line":55,"column":4},"end":{"line":57,"column":null}},"type":"if","locations":[{"start":{"line":55,"column":4},"end":{"line":57,"column":null}},{"start":{},"end":{}}],"line":55},"5":{"loc":{"start":{"line":67,"column":22},"end":{"line":67,"column":null}},"type":"cond-expr","locations":[{"start":{"line":67,"column":47},"end":{"line":67,"column":63}},{"start":{"line":67,"column":63},"end":{"line":67,"column":null}}],"line":67},"6":{"loc":{"start":{"line":73,"column":4},"end":{"line":75,"column":null}},"type":"if","locations":[{"start":{"line":73,"column":4},"end":{"line":75,"column":null}},{"start":{},"end":{}}],"line":73}},"s":{"0":0,"1":0,"2":0,"3":0,"4":0,"5":0,"6":0,"7":0,"8":0,"9":0,"10":0,"11":0,"12":0,"13":0,"14":0,"15":0,"16":0,"17":0,"18":0,"19":0,"20":0,"21":0,"22":0,"23":0,"24":0,"25":0,"26":0,"27":0,"28":0,"29":0,"30":0,"31":0,"32":0,"33":0,"34":0,"35":0,"36":0},"f":{"0":0,"1":0,"2":0,"3":0,"4":0,"5":0},"b":{"0":[0,0],"1":[0,0],"2":[0,0],"3":[0,0],"4":[0,0],"5":[0,0],"6":[0,0]},"meta":{"lastBranch":7,"lastFunction":6,"lastStatement":37,"seen":{"s:9:28:9:Infinity":0,"s:10:22:10:Infinity":1,"f:12:2:12:Infinity":0,"s:13:21:13:Infinity":2,"s:14:21:14:Infinity":3,"f:17:8:17:33":1,"s:18:28:18:Infinity":4,"b:19:4:21:Infinity:undefined:undefined:undefined:undefined":0,"s:19:4:21:Infinity":5,"s:20:6:20:Infinity":6,"s:23:4:23:Infinity":7,"s:25:4:42:Infinity":8,"s:26:6:31:Infinity":9,"s:33:21:33:Infinity":10,"b:34:6:36:Infinity:undefined:undefined:undefined:undefined":1,"s:34:6:36:Infinity":11,"s:35:8:35:Infinity":12,"b:35:79:35:95:35:95:35:112":2,"s:37:6:37:Infinity":13,"s:38:6:38:Infinity":14,"s:40:6:40:Infinity":15,"s:41:6:41:Infinity":16,"f:45:8:45:36":2,"b:46:4:51:Infinity:undefined:undefined:undefined:undefined":3,"s:46:4:51:Infinity":17,"s:47:6:47:Infinity":18,"s:48:6:48:Infinity":19,"s:49:6:49:Infinity":20,"s:50:6:50:Infinity":21,"f:54:8:54:58":3,"b:55:4:57:Infinity:undefined:undefined:undefined:undefined":4,"s:55:4:57:Infinity":22,"s:56:6:56:Infinity":23,"s:59:18:59:Infinity":24,"s:60:4:69:Infinity":25,"s:61:6:61:Infinity":26,"s:62:24:62:Infinity":27,"s:63:6:63:Infinity":28,"s:64:6:64:Infinity":29,"s:66:24:66:Infinity":30,"s:67:22:67:Infinity":31,"b:67:47:67:63:67:63:67:Infinity":5,"s:68:6:68:Infinity":32,"f:72:2:72:19":4,"b:73:4:75:Infinity:undefined:undefined:undefined:undefined":6,"s:73:4:75:Infinity":33,"s:74:6:74:Infinity":34,"s:76:4:76:Infinity":35,"f:79:2:79:25":5,"s:80:4:80:Infinity":36},"fnNames":{}}}
,"/home/erastushs/Documents/hoakbot/src/core/database/types.ts": {"path":"/home/erastushs/Documents/hoakbot/src/core/database/types.ts","statementMap":{},"fnMap":{},"branchMap":{},"s":{},"f":{},"b":{},"meta":{"lastBranch":0,"lastFunction":0,"lastStatement":0,"seen":{},"fnNames":{}}}
,"/home/erastushs/Documents/hoakbot/src/core/errors/index.ts": {"path":"/home/erastushs/Documents/hoakbot/src/core/errors/index.ts","statementMap":{},"fnMap":{},"branchMap":{},"s":{},"f":{},"b":{},"meta":{"lastBranch":0,"lastFunction":0,"lastStatement":0,"seen":{},"fnNames":{}}}
,"/home/erastushs/Documents/hoakbot/src/core/errors/types.ts": {"path":"/home/erastushs/Documents/hoakbot/src/core/errors/types.ts","statementMap":{"0":{"start":{"line":3,"column":4},"end":{"line":3,"column":null}},"1":{"start":{"line":4,"column":4},"end":{"line":4,"column":null}},"2":{"start":{"line":5,"column":4},"end":{"line":5,"column":null}},"3":{"start":{"line":11,"column":4},"end":{"line":11,"column":null}},"4":{"start":{"line":12,"column":4},"end":{"line":12,"column":null}},"5":{"start":{"line":13,"column":4},"end":{"line":13,"column":null}},"6":{"start":{"line":19,"column":4},"end":{"line":19,"column":null}},"7":{"start":{"line":20,"column":4},"end":{"line":20,"column":null}}},"fnMap":{"0":{"name":"constructor","decl":{"start":{"line":2,"column":2},"end":{"line":2,"column":14}},"loc":{"start":{"line":2,"column":48},"end":{"line":6,"column":null}},"line":2},"1":{"name":"constructor_2","decl":{"start":{"line":10,"column":2},"end":{"line":10,"column":14}},"loc":{"start":{"line":10,"column":48},"end":{"line":14,"column":null}},"line":10},"2":{"name":"constructor_3","decl":{"start":{"line":18,"column":2},"end":{"line":18,"column":14}},"loc":{"start":{"line":18,"column":31},"end":{"line":21,"column":null}},"line":18}},"branchMap":{},"s":{"0":0,"1":0,"2":0,"3":0,"4":0,"5":0,"6":0,"7":0},"f":{"0":0,"1":0,"2":0},"b":{},"meta":{"lastBranch":0,"lastFunction":3,"lastStatement":8,"seen":{"f:2:2:2:14":0,"s:3:4:3:Infinity":0,"s:4:4:4:Infinity":1,"s:5:4:5:Infinity":2,"f:10:2:10:14":1,"s:11:4:11:Infinity":3,"s:12:4:12:Infinity":4,"s:13:4:13:Infinity":5,"f:18:2:18:14":2,"s:19:4:19:Infinity":6,"s:20:4:20:Infinity":7},"fnNames":{}}}
,"/home/erastushs/Documents/hoakbot/src/core/event-bus/event-bus.ts": {"path":"/home/erastushs/Documents/hoakbot/src/core/event-bus/event-bus.ts","statementMap":{"0":{"start":{"line":11,"column":30},"end":{"line":11,"column":null}},"1":{"start":{"line":13,"column":31},"end":{"line":13,"column":48}},"2":{"start":{"line":16,"column":4},"end":{"line":16,"column":null}},"3":{"start":{"line":20,"column":4},"end":{"line":20,"column":null}},"4":{"start":{"line":24,"column":20},"end":{"line":24,"column":null}},"5":{"start":{"line":25,"column":4},"end":{"line":27,"column":null}},"6":{"start":{"line":26,"column":6},"end":{"line":26,"column":null}},"7":{"start":{"line":29,"column":4},"end":{"line":29,"column":null}},"8":{"start":{"line":31,"column":40},"end":{"line":31,"column":null}},"9":{"start":{"line":33,"column":4},"end":{"line":51,"column":null}},"10":{"start":{"line":34,"column":6},"end":{"line":50,"column":null}},"11":{"start":{"line":35,"column":24},"end":{"line":35,"column":null}},"12":{"start":{"line":36,"column":23},"end":{"line":36,"column":null}},"13":{"start":{"line":37,"column":8},"end":{"line":41,"column":null}},"14":{"start":{"line":38,"column":10},"end":{"line":40,"column":null}},"15":{"start":{"line":39,"column":12},"end":{"line":39,"column":null}},"16":{"start":{"line":42,"column":8},"end":{"line":44,"column":null}},"17":{"start":{"line":43,"column":10},"end":{"line":43,"column":null}},"18":{"start":{"line":46,"column":8},"end":{"line":46,"column":null}},"19":{"start":{"line":47,"column":8},"end":{"line":49,"column":null}},"20":{"start":{"line":48,"column":10},"end":{"line":48,"column":null}},"21":{"start":{"line":53,"column":4},"end":{"line":63,"column":null}},"22":{"start":{"line":54,"column":22},"end":{"line":54,"column":null}},"23":{"start":{"line":55,"column":6},"end":{"line":62,"column":null}},"24":{"start":{"line":56,"column":24},"end":{"line":56,"column":null}},"25":{"start":{"line":56,"column":46},"end":{"line":56,"column":86}},"26":{"start":{"line":57,"column":8},"end":{"line":61,"column":null}},"27":{"start":{"line":58,"column":10},"end":{"line":58,"column":null}},"28":{"start":{"line":60,"column":10},"end":{"line":60,"column":null}},"29":{"start":{"line":67,"column":4},"end":{"line":67,"column":null}},"30":{"start":{"line":71,"column":4},"end":{"line":71,"column":null}},"31":{"start":{"line":75,"column":20},"end":{"line":75,"column":null}},"32":{"start":{"line":76,"column":35},"end":{"line":76,"column":null}},"33":{"start":{"line":77,"column":4},"end":{"line":77,"column":null}},"34":{"start":{"line":78,"column":4},"end":{"line":78,"column":null}},"35":{"start":{"line":80,"column":4},"end":{"line":92,"column":null}},"36":{"start":{"line":82,"column":24},"end":{"line":82,"column":null}},"37":{"start":{"line":83,"column":8},"end":{"line":90,"column":null}},"38":{"start":{"line":84,"column":27},"end":{"line":84,"column":null}},"39":{"start":{"line":84,"column":49},"end":{"line":84,"column":89}},"40":{"start":{"line":85,"column":10},"end":{"line":89,"column":null}},"41":{"start":{"line":86,"column":12},"end":{"line":86,"column":null}},"42":{"start":{"line":88,"column":12},"end":{"line":88,"column":null}}},"fnMap":{"0":{"name":"constructor","decl":{"start":{"line":13,"column":2},"end":{"line":13,"column":14}},"loc":{"start":{"line":13,"column":48},"end":{"line":13,"column":null}},"line":13},"1":{"name":"subscribe","decl":{"start":{"line":15,"column":2},"end":{"line":15,"column":33}},"loc":{"start":{"line":15,"column":83},"end":{"line":17,"column":null}},"line":15},"2":{"name":"once","decl":{"start":{"line":19,"column":2},"end":{"line":19,"column":28}},"loc":{"start":{"line":19,"column":78},"end":{"line":21,"column":null}},"line":19},"3":{"name":"emit","decl":{"start":{"line":23,"column":2},"end":{"line":23,"column":28}},"loc":{"start":{"line":23,"column":100},"end":{"line":64,"column":null}},"line":23},"4":{"name":"(anonymous_4)","decl":{"start":{"line":38,"column":17},"end":{"line":38,"column":24}},"loc":{"start":{"line":38,"column":41},"end":{"line":40,"column":11}},"line":38},"5":{"name":"(anonymous_5)","decl":{"start":{"line":56,"column":32},"end":{"line":56,"column":40}},"loc":{"start":{"line":56,"column":46},"end":{"line":56,"column":86}},"line":56},"6":{"name":"subscriberCount","decl":{"start":{"line":66,"column":2},"end":{"line":66,"column":18}},"loc":{"start":{"line":66,"column":44},"end":{"line":68,"column":null}},"line":66},"7":{"name":"removeAllListeners","decl":{"start":{"line":70,"column":2},"end":{"line":70,"column":29}},"loc":{"start":{"line":70,"column":29},"end":{"line":72,"column":null}},"line":70},"8":{"name":"addHandler","decl":{"start":{"line":74,"column":2},"end":{"line":74,"column":10}},"loc":{"start":{"line":74,"column":107},"end":{"line":93,"column":null}},"line":74},"9":{"name":"(anonymous_9)","decl":{"start":{"line":81,"column":6},"end":{"line":81,"column":25}},"loc":{"start":{"line":81,"column":25},"end":{"line":91,"column":null}},"line":81},"10":{"name":"(anonymous_10)","decl":{"start":{"line":84,"column":35},"end":{"line":84,"column":43}},"loc":{"start":{"line":84,"column":49},"end":{"line":84,"column":89}},"line":84}},"branchMap":{"0":{"loc":{"start":{"line":25,"column":4},"end":{"line":27,"column":null}},"type":"if","locations":[{"start":{"line":25,"column":4},"end":{"line":27,"column":null}},{"start":{},"end":{}}],"line":25},"1":{"loc":{"start":{"line":25,"column":8},"end":{"line":25,"column":42}},"type":"binary-expr","locations":[{"start":{"line":25,"column":8},"end":{"line":25,"column":20}},{"start":{"line":25,"column":20},"end":{"line":25,"column":42}}],"line":25},"2":{"loc":{"start":{"line":37,"column":8},"end":{"line":41,"column":null}},"type":"if","locations":[{"start":{"line":37,"column":8},"end":{"line":41,"column":null}},{"start":{},"end":{}}],"line":37},"3":{"loc":{"start":{"line":42,"column":8},"end":{"line":44,"column":null}},"type":"if","locations":[{"start":{"line":42,"column":8},"end":{"line":44,"column":null}},{"start":{},"end":{}}],"line":42},"4":{"loc":{"start":{"line":47,"column":8},"end":{"line":49,"column":null}},"type":"if","locations":[{"start":{"line":47,"column":8},"end":{"line":49,"column":null}},{"start":{},"end":{}}],"line":47},"5":{"loc":{"start":{"line":53,"column":4},"end":{"line":63,"column":null}},"type":"if","locations":[{"start":{"line":53,"column":4},"end":{"line":63,"column":null}},{"start":{},"end":{}}],"line":53},"6":{"loc":{"start":{"line":55,"column":6},"end":{"line":62,"column":null}},"type":"if","locations":[{"start":{"line":55,"column":6},"end":{"line":62,"column":null}},{"start":{},"end":{}}],"line":55},"7":{"loc":{"start":{"line":57,"column":8},"end":{"line":61,"column":null}},"type":"if","locations":[{"start":{"line":57,"column":8},"end":{"line":61,"column":null}},{"start":{"line":59,"column":15},"end":{"line":61,"column":null}}],"line":57},"8":{"loc":{"start":{"line":67,"column":11},"end":{"line":67,"column":null}},"type":"binary-expr","locations":[{"start":{"line":67,"column":11},"end":{"line":67,"column":47}},{"start":{"line":67,"column":47},"end":{"line":67,"column":null}}],"line":67},"9":{"loc":{"start":{"line":75,"column":20},"end":{"line":75,"column":null}},"type":"binary-expr","locations":[{"start":{"line":75,"column":20},"end":{"line":75,"column":48}},{"start":{"line":75,"column":48},"end":{"line":75,"column":null}}],"line":75},"10":{"loc":{"start":{"line":83,"column":8},"end":{"line":90,"column":null}},"type":"if","locations":[{"start":{"line":83,"column":8},"end":{"line":90,"column":null}},{"start":{},"end":{}}],"line":83},"11":{"loc":{"start":{"line":85,"column":10},"end":{"line":89,"column":null}},"type":"if","locations":[{"start":{"line":85,"column":10},"end":{"line":89,"column":null}},{"start":{"line":87,"column":17},"end":{"line":89,"column":null}}],"line":85}},"s":{"0":0,"1":0,"2":0,"3":0,"4":0,"5":0,"6":0,"7":0,"8":0,"9":0,"10":0,"11":0,"12":0,"13":0,"14":0,"15":0,"16":0,"17":0,"18":0,"19":0,"20":0,"21":0,"22":0,"23":0,"24":0,"25":0,"26":0,"27":0,"28":0,"29":0,"30":0,"31":0,"32":0,"33":0,"34":0,"35":0,"36":0,"37":0,"38":0,"39":0,"40":0,"41":0,"42":0},"f":{"0":0,"1":0,"2":0,"3":0,"4":0,"5":0,"6":0,"7":0,"8":0,"9":0,"10":0},"b":{"0":[0,0],"1":[0,0],"2":[0,0],"3":[0,0],"4":[0,0],"5":[0,0],"6":[0,0],"7":[0,0],"8":[0,0],"9":[0,0],"10":[0,0],"11":[0,0]},"meta":{"lastBranch":12,"lastFunction":11,"lastStatement":43,"seen":{"s:11:30:11:Infinity":0,"f:13:2:13:14":0,"s:13:31:13:48":1,"f:15:2:15:33":1,"s:16:4:16:Infinity":2,"f:19:2:19:28":2,"s:20:4:20:Infinity":3,"f:23:2:23:28":3,"s:24:20:24:Infinity":4,"b:25:4:27:Infinity:undefined:undefined:undefined:undefined":0,"s:25:4:27:Infinity":5,"b:25:8:25:20:25:20:25:42":1,"s:26:6:26:Infinity":6,"s:29:4:29:Infinity":7,"s:31:40:31:Infinity":8,"s:33:4:51:Infinity":9,"s:34:6:50:Infinity":10,"s:35:24:35:Infinity":11,"s:36:23:36:Infinity":12,"b:37:8:41:Infinity:undefined:undefined:undefined:undefined":2,"s:37:8:41:Infinity":13,"s:38:10:40:Infinity":14,"f:38:17:38:24":4,"s:39:12:39:Infinity":15,"b:42:8:44:Infinity:undefined:undefined:undefined:undefined":3,"s:42:8:44:Infinity":16,"s:43:10:43:Infinity":17,"s:46:8:46:Infinity":18,"b:47:8:49:Infinity:undefined:undefined:undefined:undefined":4,"s:47:8:49:Infinity":19,"s:48:10:48:Infinity":20,"b:53:4:63:Infinity:undefined:undefined:undefined:undefined":5,"s:53:4:63:Infinity":21,"s:54:22:54:Infinity":22,"b:55:6:62:Infinity:undefined:undefined:undefined:undefined":6,"s:55:6:62:Infinity":23,"s:56:24:56:Infinity":24,"f:56:32:56:40":5,"s:56:46:56:86":25,"b:57:8:61:Infinity:59:15:61:Infinity":7,"s:57:8:61:Infinity":26,"s:58:10:58:Infinity":27,"s:60:10:60:Infinity":28,"f:66:2:66:18":6,"s:67:4:67:Infinity":29,"b:67:11:67:47:67:47:67:Infinity":8,"f:70:2:70:29":7,"s:71:4:71:Infinity":30,"f:74:2:74:10":8,"s:75:20:75:Infinity":31,"b:75:20:75:48:75:48:75:Infinity":9,"s:76:35:76:Infinity":32,"s:77:4:77:Infinity":33,"s:78:4:78:Infinity":34,"s:80:4:92:Infinity":35,"f:81:6:81:25":9,"s:82:24:82:Infinity":36,"b:83:8:90:Infinity:undefined:undefined:undefined:undefined":10,"s:83:8:90:Infinity":37,"s:84:27:84:Infinity":38,"f:84:35:84:43":10,"s:84:49:84:89":39,"b:85:10:89:Infinity:87:17:89:Infinity":11,"s:85:10:89:Infinity":40,"s:86:12:86:Infinity":41,"s:88:12:88:Infinity":42},"fnNames":{}}}
,"/home/erastushs/Documents/hoakbot/src/core/event-bus/events.ts": {"path":"/home/erastushs/Documents/hoakbot/src/core/event-bus/events.ts","statementMap":{},"fnMap":{},"branchMap":{},"s":{},"f":{},"b":{},"meta":{"lastBranch":0,"lastFunction":0,"lastStatement":0,"seen":{},"fnNames":{}}}
,"/home/erastushs/Documents/hoakbot/src/core/event-bus/index.ts": {"path":"/home/erastushs/Documents/hoakbot/src/core/event-bus/index.ts","statementMap":{},"fnMap":{},"branchMap":{},"s":{},"f":{},"b":{},"meta":{"lastBranch":0,"lastFunction":0,"lastStatement":0,"seen":{},"fnNames":{}}}
,"/home/erastushs/Documents/hoakbot/src/core/event-bus/types.ts": {"path":"/home/erastushs/Documents/hoakbot/src/core/event-bus/types.ts","statementMap":{},"fnMap":{},"branchMap":{},"s":{},"f":{},"b":{},"meta":{"lastBranch":0,"lastFunction":0,"lastStatement":0,"seen":{},"fnNames":{}}}
,"/home/erastushs/Documents/hoakbot/src/core/feature-flags/index.ts": {"path":"/home/erastushs/Documents/hoakbot/src/core/feature-flags/index.ts","statementMap":{},"fnMap":{},"branchMap":{},"s":{},"f":{},"b":{},"meta":{"lastBranch":0,"lastFunction":0,"lastStatement":0,"seen":{},"fnNames":{}}}
,"/home/erastushs/Documents/hoakbot/src/core/feature-flags/types.ts": {"path":"/home/erastushs/Documents/hoakbot/src/core/feature-flags/types.ts","statementMap":{},"fnMap":{},"branchMap":{},"s":{},"f":{},"b":{},"meta":{"lastBranch":0,"lastFunction":0,"lastStatement":0,"seen":{},"fnNames":{}}}
,"/home/erastushs/Documents/hoakbot/src/core/health/health.service.ts": {"path":"/home/erastushs/Documents/hoakbot/src/core/health/health.service.ts","statementMap":{"0":{"start":{"line":5,"column":43},"end":{"line":5,"column":null}},"1":{"start":{"line":6,"column":31},"end":{"line":6,"column":null}},"2":{"start":{"line":8,"column":31},"end":{"line":8,"column":48}},"3":{"start":{"line":11,"column":4},"end":{"line":11,"column":null}},"4":{"start":{"line":15,"column":56},"end":{"line":15,"column":null}},"5":{"start":{"line":17,"column":4},"end":{"line":25,"column":null}},"6":{"start":{"line":18,"column":6},"end":{"line":24,"column":null}},"7":{"start":{"line":19,"column":23},"end":{"line":19,"column":null}},"8":{"start":{"line":20,"column":8},"end":{"line":20,"column":null}},"9":{"start":{"line":22,"column":24},"end":{"line":22,"column":null}},"10":{"start":{"line":23,"column":8},"end":{"line":23,"column":null}},"11":{"start":{"line":27,"column":20},"end":{"line":27,"column":null}},"12":{"start":{"line":28,"column":19},"end":{"line":28,"column":null}},"13":{"start":{"line":30,"column":4},"end":{"line":30,"column":null}},"14":{"start":{"line":32,"column":4},"end":{"line":37,"column":null}},"15":{"start":{"line":41,"column":21},"end":{"line":41,"column":null}},"16":{"start":{"line":41,"column":58},"end":{"line":41,"column":66}},"17":{"start":{"line":42,"column":4},"end":{"line":42,"column":null}},"18":{"start":{"line":42,"column":29},"end":{"line":42,"column":46}},"19":{"start":{"line":42,"column":49},"end":{"line":42,"column":null}},"20":{"start":{"line":43,"column":4},"end":{"line":43,"column":null}},"21":{"start":{"line":43,"column":29},"end":{"line":43,"column":45}},"22":{"start":{"line":43,"column":48},"end":{"line":43,"column":null}},"23":{"start":{"line":44,"column":4},"end":{"line":44,"column":null}},"24":{"start":{"line":48,"column":22},"end":{"line":48,"column":null}},"25":{"start":{"line":48,"column":67},"end":{"line":48,"column":91}},"26":{"start":{"line":49,"column":21},"end":{"line":49,"column":null}},"27":{"start":{"line":49,"column":66},"end":{"line":49,"column":89}},"28":{"start":{"line":51,"column":4},"end":{"line":53,"column":null}},"29":{"start":{"line":52,"column":6},"end":{"line":52,"column":null}},"30":{"start":{"line":52,"column":60},"end":{"line":52,"column":61}},"31":{"start":{"line":54,"column":4},"end":{"line":56,"column":null}},"32":{"start":{"line":55,"column":6},"end":{"line":55,"column":null}},"33":{"start":{"line":55,"column":57},"end":{"line":55,"column":58}},"34":{"start":{"line":57,"column":4},"end":{"line":62,"column":null}},"35":{"start":{"line":58,"column":6},"end":{"line":61,"column":null}}},"fnMap":{"0":{"name":"constructor","decl":{"start":{"line":8,"column":2},"end":{"line":8,"column":14}},"loc":{"start":{"line":8,"column":48},"end":{"line":8,"column":null}},"line":8},"1":{"name":"registerCheck","decl":{"start":{"line":10,"column":2},"end":{"line":10,"column":16}},"loc":{"start":{"line":10,"column":42},"end":{"line":12,"column":null}},"line":10},"2":{"name":"runAll","decl":{"start":{"line":14,"column":8},"end":{"line":14,"column":40}},"loc":{"start":{"line":14,"column":40},"end":{"line":38,"column":null}},"line":14},"3":{"name":"computeOverallStatus","decl":{"start":{"line":40,"column":2},"end":{"line":40,"column":10}},"loc":{"start":{"line":40,"column":90},"end":{"line":45,"column":null}},"line":40},"4":{"name":"(anonymous_4)","decl":{"start":{"line":41,"column":47},"end":{"line":41,"column":52}},"loc":{"start":{"line":41,"column":58},"end":{"line":41,"column":66}},"line":41},"5":{"name":"(anonymous_5)","decl":{"start":{"line":42,"column":17},"end":{"line":42,"column":23}},"loc":{"start":{"line":42,"column":29},"end":{"line":42,"column":46}},"line":42},"6":{"name":"(anonymous_6)","decl":{"start":{"line":43,"column":17},"end":{"line":43,"column":23}},"loc":{"start":{"line":43,"column":29},"end":{"line":43,"column":45}},"line":43},"7":{"name":"logHealthSummary","decl":{"start":{"line":47,"column":2},"end":{"line":47,"column":10}},"loc":{"start":{"line":47,"column":101},"end":{"line":63,"column":null}},"line":47},"8":{"name":"(anonymous_8)","decl":{"start":{"line":48,"column":49},"end":{"line":48,"column":57}},"loc":{"start":{"line":48,"column":67},"end":{"line":48,"column":91}},"line":48},"9":{"name":"(anonymous_9)","decl":{"start":{"line":49,"column":48},"end":{"line":49,"column":56}},"loc":{"start":{"line":49,"column":66},"end":{"line":49,"column":89}},"line":49},"10":{"name":"(anonymous_10)","decl":{"start":{"line":52,"column":47},"end":{"line":52,"column":52}},"loc":{"start":{"line":52,"column":60},"end":{"line":52,"column":61}},"line":52},"11":{"name":"(anonymous_11)","decl":{"start":{"line":55,"column":44},"end":{"line":55,"column":49}},"loc":{"start":{"line":55,"column":57},"end":{"line":55,"column":58}},"line":55}},"branchMap":{"0":{"loc":{"start":{"line":22,"column":24},"end":{"line":22,"column":null}},"type":"cond-expr","locations":[{"start":{"line":22,"column":47},"end":{"line":22,"column":61}},{"start":{"line":22,"column":61},"end":{"line":22,"column":null}}],"line":22},"1":{"loc":{"start":{"line":42,"column":4},"end":{"line":42,"column":null}},"type":"if","locations":[{"start":{"line":42,"column":4},"end":{"line":42,"column":null}},{"start":{},"end":{}}],"line":42},"2":{"loc":{"start":{"line":43,"column":4},"end":{"line":43,"column":null}},"type":"if","locations":[{"start":{"line":43,"column":4},"end":{"line":43,"column":null}},{"start":{},"end":{}}],"line":43},"3":{"loc":{"start":{"line":51,"column":4},"end":{"line":53,"column":null}},"type":"if","locations":[{"start":{"line":51,"column":4},"end":{"line":53,"column":null}},{"start":{},"end":{}}],"line":51},"4":{"loc":{"start":{"line":54,"column":4},"end":{"line":56,"column":null}},"type":"if","locations":[{"start":{"line":54,"column":4},"end":{"line":56,"column":null}},{"start":{},"end":{}}],"line":54},"5":{"loc":{"start":{"line":57,"column":4},"end":{"line":62,"column":null}},"type":"if","locations":[{"start":{"line":57,"column":4},"end":{"line":62,"column":null}},{"start":{},"end":{}}],"line":57},"6":{"loc":{"start":{"line":57,"column":8},"end":{"line":57,"column":57}},"type":"binary-expr","locations":[{"start":{"line":57,"column":8},"end":{"line":57,"column":34}},{"start":{"line":57,"column":34},"end":{"line":57,"column":57}}],"line":57}},"s":{"0":0,"1":0,"2":0,"3":0,"4":0,"5":0,"6":0,"7":0,"8":0,"9":0,"10":0,"11":0,"12":0,"13":0,"14":0,"15":0,"16":0,"17":0,"18":0,"19":0,"20":0,"21":0,"22":0,"23":0,"24":0,"25":0,"26":0,"27":0,"28":0,"29":0,"30":0,"31":0,"32":0,"33":0,"34":0,"35":0},"f":{"0":0,"1":0,"2":0,"3":0,"4":0,"5":0,"6":0,"7":0,"8":0,"9":0,"10":0,"11":0},"b":{"0":[0,0],"1":[0,0],"2":[0,0],"3":[0,0],"4":[0,0],"5":[0,0],"6":[0,0]},"meta":{"lastBranch":7,"lastFunction":12,"lastStatement":36,"seen":{"s:5:43:5:Infinity":0,"s:6:31:6:Infinity":1,"f:8:2:8:14":0,"s:8:31:8:48":2,"f:10:2:10:16":1,"s:11:4:11:Infinity":3
[...]
olumn":8},"end":{"line":67,"column":null}},"30":{"start":{"line":63,"column":10},"end":{"line":63,"column":null}},"31":{"start":{"line":65,"column":10},"end":{"line":65,"column":null}},"32":{"start":{"line":66,"column":10},"end":{"line":66,"column":null}},"33":{"start":{"line":69,"column":31},"end":{"line":69,"column":null}},"34":{"start":{"line":70,"column":8},"end":{"line":75,"column":null}},"35":{"start":{"line":71,"column":10},"end":{"line":71,"column":null}},"36":{"start":{"line":73,"column":10},"end":{"line":73,"column":null}},"37":{"start":{"line":74,"column":10},"end":{"line":74,"column":null}},"38":{"start":{"line":77,"column":8},"end":{"line":84,"column":null}},"39":{"start":{"line":78,"column":10},"end":{"line":83,"column":null}},"40":{"start":{"line":79,"column":12},"end":{"line":79,"column":null}},"41":{"start":{"line":81,"column":12},"end":{"line":81,"column":null}},"42":{"start":{"line":82,"column":12},"end":{"line":82,"column":null}},"43":{"start":{"line":88,"column":4},"end":{"line":88,"column":null}},"44":{"start":{"line":92,"column":4},"end":{"line":92,"column":null}},"45":{"start":{"line":94,"column":4},"end":{"line":98,"column":null}}},"fnMap":{"0":{"name":"constructor","decl":{"start":{"line":14,"column":2},"end":{"line":14,"column":null}},"loc":{"start":{"line":19,"column":4},"end":{"line":19,"column":null}},"line":19},"1":{"name":"check","decl":{"start":{"line":21,"column":8},"end":{"line":21,"column":14}},"loc":{"start":{"line":21,"column":81},"end":{"line":89,"column":null}},"line":21},"2":{"name":"emitDenied","decl":{"start":{"line":91,"column":2},"end":{"line":91,"column":10}},"loc":{"start":{"line":91,"column":81},"end":{"line":99,"column":null}},"line":91}},"branchMap":{"0":{"loc":{"start":{"line":23,"column":4},"end":{"line":25,"column":null}},"type":"if","locations":[{"start":{"line":23,"column":4},"end":{"line":25,"column":null}},{"start":{},"end":{}}],"line":23},"1":{"loc":{"start":{"line":27,"column":4},"end":{"line":32,"column":null}},"type":"if","locations":[{"start":{"line":27,"column":4},"end":{"line":32,"column":null}},{"start":{},"end":{}}],"line":27},"2":{"loc":{"start":{"line":27,"column":8},"end":{"line":27,"column":41}},"type":"binary-expr","locations":[{"start":{"line":27,"column":8},"end":{"line":27,"column":29}},{"start":{"line":27,"column":29},"end":{"line":27,"column":41}}],"line":27},"3":{"loc":{"start":{"line":35,"column":4},"end":{"line":86,"column":null}},"type":"if","locations":[{"start":{"line":35,"column":4},"end":{"line":86,"column":null}},{"start":{},"end":{}}],"line":35},"4":{"loc":{"start":{"line":35,"column":8},"end":{"line":35,"column":41}},"type":"binary-expr","locations":[{"start":{"line":35,"column":8},"end":{"line":35,"column":20}},{"start":{"line":35,"column":20},"end":{"line":35,"column":41}}],"line":35},"5":{"loc":{"start":{"line":36,"column":6},"end":{"line":41,"column":null}},"type":"if","locations":[{"start":{"line":36,"column":6},"end":{"line":41,"column":null}},{"start":{},"end":{}}],"line":36},"6":{"loc":{"start":{"line":44,"column":6},"end":{"line":49,"column":null}},"type":"if","locations":[{"start":{"line":44,"column":6},"end":{"line":49,"column":null}},{"start":{},"end":{}}],"line":44},"7":{"loc":{"start":{"line":52,"column":8},"end":{"line":57,"column":null}},"type":"if","locations":[{"start":{"line":52,"column":8},"end":{"line":57,"column":null}},{"start":{},"end":{}}],"line":52},"8":{"loc":{"start":{"line":60,"column":6},"end":{"line":85,"column":null}},"type":"if","locations":[{"start":{"line":60,"column":6},"end":{"line":85,"column":null}},{"start":{},"end":{}}],"line":60},"9":{"loc":{"start":{"line":62,"column":8},"end":{"line":67,"column":null}},"type":"if","locations":[{"start":{"line":62,"column":8},"end":{"line":67,"column":null}},{"start":{},"end":{}}],"line":62},"10":{"loc":{"start":{"line":70,"column":8},"end":{"line":75,"column":null}},"type":"if","locations":[{"start":{"line":70,"column":8},"end":{"line":75,"column":null}},{"start":{},"end":{}}],"line":70},"11":{"loc":{"start":{"line":78,"column":10},"end":{"line":83,"column":null}},"type":"if","locations":[{"start":{"line":78,"column":10},"end":{"line":83,"column":null}},{"start":{},"end":{}}],"line":78}},"s":{"0":18,"1":18,"2":18,"3":18,"4":18,"5":18,"6":1,"7":17,"8":4,"9":4,"10":4,"11":13,"12":13,"13":10,"14":1,"15":1,"16":1,"17":9,"18":9,"19":1,"20":1,"21":1,"22":8,"23":12,"24":2,"25":2,"26":2,"27":6,"28":5,"29":5,"30":1,"31":1,"32":1,"33":4,"34":4,"35":1,"36":1,"37":1,"38":3,"39":4,"40":1,"41":1,"42":1,"43":6,"44":11,"45":11},"f":{"0":18,"1":18,"2":11},"b":{"0":[1,17],"1":[4,13],"2":[17,5],"3":[10,3],"4":[13,11],"5":[1,9],"6":[1,8],"7":[2,10],"8":[5,1],"9":[1,4],"10":[1,3],"11":[1,3]},"meta":{"lastBranch":12,"lastFunction":3,"lastStatement":46,"seen":{"f:14:2:14:Infinity":0,"s:15:21:15:Infinity":0,"s:16:21:16:Infinity":1,"s:17:21:17:Infinity":2,"s:18:21:18:Infinity":3,"f:21:8:21:14":1,"s:22:20:22:Infinity":4,"b:23:4:25:Infinity:undefined:undefined:undefined:undefined":0,"s:23:4:25:Infinity":5,"s:24:6:24:Infinity":6,"b:27:4:32:Infinity:undefined:undefined:undefined:undefined":1,"s:27:4:32:Infinity":7,"b:27:8:27:29:27:29:27:41":2,"s:28:6:28:Infinity":8,"s:30:6:30:Infinity":9,"s:31:6:31:Infinity":10,"s:34:21:34:Infinity":11,"b:35:4:86:Infinity:undefined:undefined:undefined:undefined":3,"s:35:4:86:Infinity":12,"b:35:8:35:20:35:20:35:41":4,"b:36:6:41:Infinity:undefined:undefined:undefined:undefined":5,"s:36:6:41:Infinity":13,"s:37:8:37:Infinity":14,"s:39:8:39:Infinity":15,"s:40:8:40:Infinity":16,"s:43:30:43:Infinity":17,"b:44:6:49:Infinity:undefined:undefined:undefined:undefined":6,"s:44:6:49:Infinity":18,"s:45:8:45:Infinity":19,"s:47:8:47:Infinity":20,"s:48:8:48:Infinity":21,"s:51:6:58:Infinity":22,"b:52:8:57:Infinity:undefined:undefined:undefined:undefined":7,"s:52:8:57:Infinity":23,"s:53:10:53:Infinity":24,"s:55:10:55:Infinity":25,"s:56:10:56:Infinity":26,"b:60:6:85:Infinity:undefined:undefined:undefined:undefined":8,"s:60:6:85:Infinity":27,"s:61:26:61:Infinity":28,"b:62:8:67:Infinity:undefined:undefined:undefined:undefined":9,"s:62:8:67:Infinity":29,"s:63:10:63:Infinity":30,"s:65:10:65:Infinity":31,"s:66:10:66:Infinity":32,"s:69:31:69:Infinity":33,"b:70:8:75:Infinity:undefined:undefined:undefined:undefined":10,"s:70:8:75:Infinity":34,"s:71:10:71:Infinity":35,"s:73:10:73:Infinity":36,"s:74:10:74:Infinity":37,"s:77:8:84:Infinity":38,"b:78:10:83:Infinity:undefined:undefined:undefined:undefined":11,"s:78:10:83:Infinity":39,"s:79:12:79:Infinity":40,"s:81:12:81:Infinity":41,"s:82:12:82:Infinity":42,"s:88:4:88:Infinity":43,"f:91:2:91:10":2,"s:92:4:92:Infinity":44,"s:94:4:98:Infinity":45},"fnNames":{}}}
,"/home/erastushs/Documents/hoakbot/src/shared/responses/index.ts": {"path":"/home/erastushs/Documents/hoakbot/src/shared/responses/index.ts","statementMap":{},"fnMap":{},"branchMap":{},"s":{},"f":{},"b":{},"meta":{"lastBranch":0,"lastFunction":0,"lastStatement":0,"seen":{},"fnNames":{}}}
,"/home/erastushs/Documents/hoakbot/src/shared/responses/response.factory.ts": {"path":"/home/erastushs/Documents/hoakbot/src/shared/responses/response.factory.ts","statementMap":{"0":{"start":{"line":17,"column":18},"end":{"line":17,"column":null}},"1":{"start":{"line":18,"column":4},"end":{"line":18,"column":null}},"2":{"start":{"line":19,"column":4},"end":{"line":19,"column":null}},"3":{"start":{"line":23,"column":18},"end":{"line":23,"column":null}},"4":{"start":{"line":24,"column":4},"end":{"line":24,"column":null}},"5":{"start":{"line":25,"column":4},"end":{"line":25,"column":null}},"6":{"start":{"line":29,"column":18},"end":{"line":29,"column":null}},"7":{"start":{"line":30,"column":4},"end":{"line":30,"column":null}},"8":{"start":{"line":31,"column":4},"end":{"line":31,"column":null}},"9":{"start":{"line":35,"column":18},"end":{"line":35,"column":null}},"10":{"start":{"line":36,"column":4},"end":{"line":36,"column":null}},"11":{"start":{"line":37,"column":4},"end":{"line":37,"column":null}},"12":{"start":{"line":41,"column":18},"end":{"line":41,"column":null}},"13":{"start":{"line":42,"column":18},"end":{"line":42,"column":null}},"14":{"start":{"line":43,"column":4},"end":{"line":43,"column":null}},"15":{"start":{"line":48,"column":2},"end":{"line":48,"column":null}},"16":{"start":{"line":48,"column":13},"end":{"line":48,"column":null}},"17":{"start":{"line":49,"column":2},"end":{"line":49,"column":null}},"18":{"start":{"line":49,"column":18},"end":{"line":49,"column":null}},"19":{"start":{"line":50,"column":2},"end":{"line":50,"column":null}},"20":{"start":{"line":50,"column":38},"end":{"line":50,"column":null}},"21":{"start":{"line":51,"column":2},"end":{"line":51,"column":null}},"22":{"start":{"line":51,"column":19},"end":{"line":51,"column":null}},"23":{"start":{"line":52,"column":2},"end":{"line":52,"column":null}},"24":{"start":{"line":52,"column":22},"end":{"line":52,"column":null}},"25":{"start":{"line":53,"column":2},"end":{"line":53,"column":null}},"26":{"start":{"line":53,"column":18},"end":{"line":53,"column":null}}},"fnMap":{"0":{"name":"success","decl":{"start":{"line":16,"column":15},"end":{"line":16,"column":23}},"loc":{"start":{"line":16,"column":83},"end":{"line":20,"column":null}},"line":16},"1":{"name":"error","decl":{"start":{"line":22,"column":15},"end":{"line":22,"column":21}},"loc":{"start":{"line":22,"column":81},"end":{"line":26,"column":null}},"line":22},"2":{"name":"warning","decl":{"start":{"line":28,"column":15},"end":{"line":28,"column":23}},"loc":{"start":{"line":28,"column":83},"end":{"line":32,"column":null}},"line":28},"3":{"name":"info","decl":{"start":{"line":34,"column":15},"end":{"line":34,"column":20}},"loc":{"start":{"line":34,"column":80},"end":{"line":38,"column":null}},"line":34},"4":{"name":"custom","decl":{"start":{"line":40,"column":15},"end":{"line":40,"column":22}},"loc":{"start":{"line":40,"column":133},"end":{"line":44,"column":null}},"line":40},"5":{"name":"applyOptions","decl":{"start":{"line":47,"column":9},"end":{"line":47,"column":22}},"loc":{"start":{"line":47,"column":73},"end":{"line":54,"column":null}},"line":47}},"branchMap":{"0":{"loc":{"start":{"line":42,"column":18},"end":{"line":42,"column":null}},"type":"cond-expr","locations":[{"start":{"line":42,"column":31},"end":{"line":42,"column":51}},{"start":{"line":42,"column":51},"end":{"line":42,"column":null}}],"line":42},"1":{"loc":{"start":{"line":48,"column":2},"end":{"line":48,"column":null}},"type":"if","locations":[{"start":{"line":48,"column":2},"end":{"line":48,"column":null}},{"start":{},"end":{}}],"line":48},"2":{"loc":{"start":{"line":49,"column":2},"end":{"line":49,"column":null}},"type":"if","locations":[{"start":{"line":49,"column":2},"end":{"line":49,"column":null}},{"start":{},"end":{}}],"line":49},"3":{"loc":{"start":{"line":50,"column":2},"end":{"line":50,"column":null}},"type":"if","locations":[{"start":{"line":50,"column":2},"end":{"line":50,"column":null}},{"start":{},"end":{}}],"line":50},"4":{"loc":{"start":{"line":51,"column":2},"end":{"line":51,"column":null}},"type":"if","locations":[{"start":{"line":51,"column":2},"end":{"line":51,"column":null}},{"start":{},"end":{}}],"line":51},"5":{"loc":{"start":{"line":52,"column":2},"end":{"line":52,"column":null}},"type":"if","locations":[{"start":{"line":52,"column":2},"end":{"line":52,"column":null}},{"start":{},"end":{}}],"line":52},"6":{"loc":{"start":{"line":53,"column":2},"end":{"line":53,"column":null}},"type":"if","locations":[{"start":{"line":53,"column":2},"end":{"line":53,"column":null}},{"start":{},"end":{}}],"line":53}},"s":{"0":0,"1":0,"2":0,"3":0,"4":0,"5":0,"6":0,"7":0,"8":0,"9":0,"10":0,"11":0,"12":0,"13":0,"14":0,"15":0,"16":0,"17":0,"18":0,"19":0,"20":0,"21":0,"22":0,"23":0,"24":0,"25":0,"26":0},"f":{"0":0,"1":0,"2":0,"3":0,"4":0,"5":0},"b":{"0":[0,0],"1":[0,0],"2":[0,0],"3":[0,0],"4":[0,0],"5":[0,0],"6":[0,0]},"meta":{"lastBranch":7,"lastFunction":6,"lastStatement":27,"seen":{"f:16:15:16:23":0,"s:17:18:17:Infinity":0,"s:18:4:18:Infinity":1,"s:19:4:19:Infinity":2,"f:22:15:22:21":1,"s:23:18:23:Infinity":3,"s:24:4:24:Infinity":4,"s:25:4:25:Infinity":5,"f:28:15:28:23":2,"s:29:18:29:Infinity":6,"s:30:4:30:Infinity":7,"s:31:4:31:Infinity":8,"f:34:15:34:20":3,"s:35:18:35:Infinity":9,"s:36:4:36:Infinity":10,"s:37:4:37:Infinity":11,"f:40:15:40:22":4,"s:41:18:41:Infinity":12,"s:42:18:42:Infinity":13,"b:42:31:42:51:42:51:42:Infinity":0,"s:43:4:43:Infinity":14,"f:47:9:47:22":5,"b:48:2:48:Infinity:undefined:undefined:undefined:undefined":1,"s:48:2:48:Infinity":15,"s:48:13:48:Infinity":16,"b:49:2:49:Infinity:undefined:undefined:undefined:undefined":2,"s:49:2:49:Infinity":17,"s:49:18:49:Infinity":18,"b:50:2:50:Infinity:undefined:undefined:undefined:undefined":3,"s:50:2:50:Infinity":19,"s:50:38:50:Infinity":20,"b:51:2:51:Infinity:undefined:undefined:undefined:undefined":4,"s:51:2:51:Infinity":21,"s:51:19:51:Infinity":22,"b:52:2:52:Infinity:undefined:undefined:undefined:undefined":5,"s:52:2:52:Infinity":23,"s:52:22:52:Infinity":24,"b:53:2:53:Infinity:undefined:undefined:undefined:undefined":6,"s:53:2:53:Infinity":25,"s:53:18:53:Infinity":26},"fnNames":{}}}
,"/home/erastushs/Documents/hoakbot/src/shared/types/command.ts": {"path":"/home/erastushs/Documents/hoakbot/src/shared/types/command.ts","statementMap":{},"fnMap":{},"branchMap":{},"s":{},"f":{},"b":{},"meta":{"lastBranch":0,"lastFunction":0,"lastStatement":0,"seen":{},"fnNames":{}}}
,"/home/erastushs/Documents/hoakbot/src/shared/types/index.ts": {"path":"/home/erastushs/Documents/hoakbot/src/shared/types/index.ts","statementMap":{},"fnMap":{},"branchMap":{},"s":{},"f":{},"b":{},"meta":{"lastBranch":0,"lastFunction":0,"lastStatement":0,"seen":{},"fnNames":{}}}
,"/home/erastushs/Documents/hoakbot/src/shared/utils/duration.ts": {"path":"/home/erastushs/Documents/hoakbot/src/shared/utils/duration.ts","statementMap":{"0":{"start":{"line":3,"column":23},"end":{"line":3,"column":null}},"1":{"start":{"line":5,"column":40},"end":{"line":10,"column":null}},"2":{"start":{"line":13,"column":18},"end":{"line":13,"column":null}},"3":{"start":{"line":14,"column":16},"end":{"line":14,"column":null}},"4":{"start":{"line":15,"column":2},"end":{"line":17,"column":null}},"5":{"start":{"line":16,"column":4},"end":{"line":16,"column":null}},"6":{"start":{"line":19,"column":16},"end":{"line":19,"column":null}},"7":{"start":{"line":20,"column":15},"end":{"line":20,"column":null}},"8":{"start":{"line":21,"column":13},"end":{"line":21,"column":null}},"9":{"start":{"line":23,"column":2},"end":{"line":25,"column":null}},"10":{"start":{"line":24,"column":4},"end":{"line":24,"column":null}},"11":{"start":{"line":27,"column":2},"end":{"line":29,"column":null}},"12":{"start":{"line":28,"column":4},"end":{"line":28,"column":null}},"13":{"start":{"line":31,"column":2},"end":{"line":31,"column":null}},"14":{"start":{"line":35,"column":15},"end":{"line":35,"column":null}},"15":{"start":{"line":36,"column":16},"end":{"line":36,"column":null}},"16":{"start":{"line":37,"column":18},"end":{"line":37,"column":null}},"17":{"start":{"line":38,"column":18},"end":{"line":38,"column":null}},"18":{"start":{"line":40,"column":26},"end":{"line":40,"column":null}},"19":{"start":{"line":41,"column":2},"end":{"line":41,"column":null}},"20":{"start":{"line":41,"column":16},"end":{"line":41,"column":null}},"21":{"start":{"line":42,"column":2},"end":{"line":42,"column":null}},"22":{"start":{"line":42,"column":17},"end":{"line":42,"column":null}},"23":{"start":{"line":43,"column":2},"end":{"line":43,"column":null}},"24":{"start":{"line":43,"column":19},"end":{"line":43,"column":null}},"25":{"start":{"line":44,"column":2},"end":{"line":44,"column":null}},"26":{"start":{"line":44,"column":41},"end":{"line":44,"column":null}},"27":{"start":{"line":45,"column":2},"end":{"line":45,"column":null}}},"fnMap":{"0":{"name":"parseDuration","decl":{"start":{"line":12,"column":16},"end":{"line":12,"column":30}},"loc":{"start":{"line":12,"column":77},"end":{"line":32,"column":null}},"line":12},"1":{"name":"formatDuration","decl":{"start":{"line":34,"column":16},"end":{"line":34,"column":31}},"loc":{"start":{"line":34,"column":51},"end":{"line":46,"column":null}},"line":34}},"branchMap":{"0":{"loc":{"start":{"line":15,"column":2},"end":{"line":17,"column":null}},"type":"if","locations":[{"start":{"line":15,"column":2},"end":{"line":17,"column":null}},{"start":{},"end":{}}],"line":15},"1":{"loc":{"start":{"line":21,"column":22},"end":{"line":21,"column":null}},"type":"binary-expr","locations":[{"start":{"line":21,"column":22},"end":{"line":21,"column":39}},{"start":{"line":21,"column":39},"end":{"line":21,"column":null}}],"line":21},"2":{"loc":{"start":{"line":23,"column":2},"end":{"line":25,"column":null}},"type":"if","locations":[{"start":{"line":23,"column":2},"end":{"line":25,"column":null}},{"start":{},"end":{}}],"line":23},"3":{"loc":{"start":{"line":27,"column":2},"end":{"line":29,"column":null}},"type":"if","locations":[{"start":{"line":27,"column":2},"end":{"line":29,"column":null}},{"start":{},"end":{}}],"line":27},"4":{"loc":{"start":{"line":41,"column":2},"end":{"line":41,"column":null}},"type":"if","locations":[{"start":{"line":41,"column":2},"end":{"line":41,"column":null}},{"start":{},"end":{}}],"line":41},"5":{"loc":{"start":{"line":42,"column":2},"end":{"line":42,"column":null}},"type":"if","locations":[{"start":{"line":42,"column":2},"end":{"line":42,"column":null}},{"start":{},"end":{}}],"line":42},"6":{"loc":{"start":{"line":43,"column":2},"end":{"line":43,"column":null}},"type":"if","locations":[{"start":{"line":43,"column":2},"end":{"line":43,"column":null}},{"start":{},"end":{}}],"line":43},"7":{"loc":{"start":{"line":44,"column":2},"end":{"line":44,"column":null}},"type":"if","locations":[{"start":{"line":44,"column":2},"end":{"line":44,"column":null}},{"start":{},"end":{}}],"line":44},"8":{"loc":{"start":{"line":44,"column":6},"end":{"line":44,"column":41}},"type":"binary-expr","locations":[{"start":{"line":44,"column":6},"end":{"line":44,"column":21}},{"start":{"line":44,"column":21},"end":{"line":44,"column":41}}],"line":44}},"s":{"0":1,"1":1,"2":16,"3":16,"4":16,"5":2,"6":14,"7":14,"8":14,"9":16,"10":1,"11":13,"12":1,"13":12,"14":6,"15":6,"16":6,"17":6,"18":6,"19":6,"20":1,"21":6,"22":3,"23":6,"24":3,"25":6,"26":4,"27":6},"f":{"0":16,"1":6},"b":{"0":[2,14],"1":[14,0],"2":[1,15],"3":[1,12],"4":[1,5],"5":[3,3],"6":[3,3],"7":[4,2],"8":[6,3]},"meta":{"lastBranch":9,"lastFunction":2,"lastStatement":28,"seen":{"s:3:23:3:Infinity":0,"s:5:40:10:Infinity":1,"f:12:16:12:30":0,"s:13:18:13:Infinity":2,"s:14:16:14:Infinity":3,"b:15:2:17:Infinity:undefined:undefined:undefined:undefined":0,"s:15:2:17:Infinity":4,"s:16:4:16:Infinity":5,"s:19:16:19:Infinity":6,"s:20:15:20:Infinity":7,"s:21:13:21:Infinity":8,"b:21:22:21:39:21:39:21:Infinity":1,"b:23:2:25:Infinity:undefined:undefined:undefined:undefined":2,"s:23:2:25:Infinity":9,"s:24:4:24:Infinity":10,"b:27:2:29:Infinity:undefined:undefined:undefined:undefined":3,"s:27:2:29:Infinity":11,"s:28:4:28:Infinity":12,"s:31:2:31:Infinity":13,"f:34:16:34:31":1,"s:35:15:35:Infinity":14,"s:36:16:36:Infinity":15,"s:37:18:37:Infinity":16,"s:38:18:38:Infinity":17,"s:40:26:40:Infinity":18,"b:41:2:41:Infinity:undefined:undefined:undefined:undefined":4,"s:41:2:41:Infinity":19,"s:41:16:41:Infinity":20,"b:42:2:42:Infinity:undefined:undefined:undefined:undefined":5,"s:42:2:42:Infinity":21,"s:42:17:42:Infinity":22,"b:43:2:43:Infinity:undefined:undefined:undefined:undefined":6,"s:43:2:43:Infinity":23,"s:43:19:43:Infinity":24,"b:44:2:44:Infinity:undefined:undefined:undefined:undefined":7,"s:44:2:44:Infinity":25,"b:44:6:44:21:44:21:44:41":8,"s:44:41:44:Infinity":26,"s:45:2:45:Infinity":27},"fnNames":{}}}
,"/home/erastushs/Documents/hoakbot/src/shared/utils/index.ts": {"path":"/home/erastushs/Documents/hoakbot/src/shared/utils/index.ts","statementMap":{},"fnMap":{},"branchMap":{},"s":{},"f":{},"b":{},"meta":{"lastBranch":0,"lastFunction":0,"lastStatement":0,"seen":{},"fnNames":{}}}
}
